#
# There is insufficient memory for the Java Runtime Environment to continue.
# Native memory allocation (mmap) failed to map 12582912 bytes. Error detail: G1 virtual space
# Possible reasons:
#   The system is out of physical RAM or swap space
#   This process is running with CompressedOops enabled, and the Java Heap may be blocking the growth of the native heap
# Possible solutions:
#   Reduce memory load on the system
#   Increase physical memory or swap space
#   Check if swap backing store is full
#   Decrease Java heap size (-Xmx/-Xms)
#   Decrease number of Java threads
#   Decrease Java thread stack sizes (-Xss)
#   Set larger code cache with -XX:ReservedCodeCacheSize=
#   JVM is running with Unscaled Compressed Oops mode in which the Java heap is
#     placed in the first 4GB address space. The Java Heap base address is the
#     maximum limit for the native heap growth. Please use -XX:HeapBaseMinAddress
#     to set the Java Heap base and to place the Java Heap above 4GB virtual address.
# This output file may be truncated or incomplete.
#
#  Out of Memory Error (os_windows.cpp:3925), pid=10368, tid=15676
#
# JRE version: OpenJDK Runtime Environment (21.0.9) (build 21.0.9+-14787801-b1163.94)
# Java VM: OpenJDK 64-Bit Server VM (21.0.9+-14787801-b1163.94, mixed mode, tiered, compressed oops, compressed class ptrs, g1 gc, windows-amd64)
# No core dump will be written. Minidumps are not enabled by default on client versions of Windows
#

---------------  S U M M A R Y ------------

Command Line: --add-opens=java.base/java.lang=ALL-UNNAMED --add-opens=java.base/java.lang.invoke=ALL-UNNAMED --add-opens=java.base/java.util=ALL-UNNAMED --add-opens=java.prefs/java.util.prefs=ALL-UNNAMED --add-exports=jdk.compiler/com.sun.tools.javac.api=ALL-UNNAMED --add-exports=jdk.compiler/com.sun.tools.javac.util=ALL-UNNAMED --add-opens=java.base/java.util=ALL-UNNAMED --add-opens=java.prefs/java.util.prefs=ALL-UNNAMED --add-opens=java.base/java.nio.charset=ALL-UNNAMED --add-opens=java.base/java.net=ALL-UNNAMED --add-opens=java.base/java.util.concurrent=ALL-UNNAMED --add-opens=java.base/java.util.concurrent.atomic=ALL-UNNAMED --add-opens=java.xml/javax.xml.namespace=ALL-UNNAMED --add-opens=java.base/java.time=ALL-UNNAMED -XX:MaxMetaspaceSize=256m -Xmx1024m -Dfile.encoding=UTF-8 -Duser.country=US -Duser.language=en -Duser.variant -javaagent:C:\Users\Mohamed Hassan\.gradle\wrapper\dists\gradle-9.3.1-bin\23ovyewtku6u96viwx3xl3oks\gradle-9.3.1\lib\agents\gradle-instrumentation-agent-9.3.1.jar org.gradle.launcher.daemon.bootstrap.GradleDaemon 9.3.1

Host: AMD PRO A10-8700B R6, 10 Compute Cores 4C+6G   , 4 cores, 10G,  Windows 10 , 64 bit Build 19041 (10.0.19041.5915)
Time: Fri Apr 24 20:24:45 2026 Egypt Daylight Time elapsed time: 298.992766 seconds (0d 0h 4m 58s)

---------------  T H R E A D  ---------------

Current thread (0x000001b995aa7e90):  VMThread "VM Thread"          [id=15676, stack(0x0000007b4ab00000,0x0000007b4ac00000) (1024K)]

Stack: [0x0000007b4ab00000,0x0000007b4ac00000]
Native frames: (J=compiled Java code, j=interpreted, Vv=VM code, C=native code)
V  [jvm.dll+0x6d6c99]
V  [jvm.dll+0x866b83]
V  [jvm.dll+0x8691ae]
V  [jvm.dll+0x869893]
V  [jvm.dll+0x280776]
V  [jvm.dll+0x6d3555]
V  [jvm.dll+0x6c6bea]
V  [jvm.dll+0x3587fb]
V  [jvm.dll+0x360476]
V  [jvm.dll+0x3b2646]
V  [jvm.dll+0x3b2918]
V  [jvm.dll+0x32af0c]
V  [jvm.dll+0x32af97]
V  [jvm.dll+0x370e7c]
V  [jvm.dll+0x36f62e]
V  [jvm.dll+0x32a661]
V  [jvm.dll+0x36ed30]
V  [jvm.dll+0x86f618]
V  [jvm.dll+0x870994]
V  [jvm.dll+0x870ed0]
V  [jvm.dll+0x871163]
V  [jvm.dll+0x80f118]
V  [jvm.dll+0x6d54ed]
C  [ucrtbase.dll+0x21bb2]
C  [KERNEL32.DLL+0x17374]
C  [ntdll.dll+0x4cc91]

VM_Operation (0x0000007b4bff13a0): G1CollectForAllocation, mode: safepoint, requested by thread 0x000001b99b1bccf0


---------------  P R O C E S S  ---------------

Threads class SMR info:
_java_thread_list=0x000001b99b06cff0, length=61, elements={
0x000001b9fdd73a10, 0x000001b99a018540, 0x000001b99a05b380, 0x000001b99a05bde0,
0x000001b99a05c960, 0x000001b99a076460, 0x000001b99a076ec0, 0x000001b99a078930,
0x000001b99a0400a0, 0x000001b99a048cc0, 0x000001b99a4124c0, 0x000001b99a33df70,
0x000001b99b566ed0, 0x000001b99c087070, 0x000001b99c0880f0, 0x000001b99a358b40,
0x000001b99b1bd380, 0x000001b99b1bccf0, 0x000001b99b1bc660, 0x000001b99b1bb2b0,
0x000001b99b1bda10, 0x000001b99b1bbfd0, 0x000001b99b1be0a0, 0x000001b99b1bb940,
0x000001b99dc483a0, 0x000001b99dc462d0, 0x000001b99dc4a470, 0x000001b99dc46ff0,
0x000001b99dc44890, 0x000001b99dc47680, 0x000001b99dc434e0, 0x000001b99dc4ab00,
0x000001b99dc44f20, 0x000001b99dc455b0, 0x000001b99dc47d10, 0x000001b99dc490c0,
0x000001b99dc46960, 0x000001b99dc49750, 0x000001b99dc49de0, 0x000001b99e8c87c0,
0x000001b99e8c3900, 0x000001b99e8c94e0, 0x000001b99e8c9b70, 0x000001b99e8c6060,
0x000001b99e8c2be0, 0x000001b99e8c4620, 0x000001b99e8c66f0, 0x000001b99e8c7aa0,
0x000001b99e8c5340, 0x000001b99e8c59d0, 0x000001b99e8c6d80, 0x000001b99be61ba0,
0x000001b99be670f0, 0x000001b99be62f50, 0x000001b99be61510, 0x000001b99be62230,
0x000001b99be635e0, 0x000001b99be67780, 0x000001b99be663d0, 0x000001b99be67e10,
0x000001b99eb0c580
}

Java Threads: ( => current thread )
  0x000001b9fdd73a10 JavaThread "main"                              [_thread_blocked, id=8032, stack(0x0000007b4a400000,0x0000007b4a500000) (1024K)]
  0x000001b99a018540 JavaThread "Common-Cleaner"             daemon [_thread_blocked, id=13268, stack(0x0000007b4ac00000,0x0000007b4ad00000) (1024K)]
  0x000001b99a05b380 JavaThread "Reference Handler"          daemon [_thread_blocked, id=7192, stack(0x0000007b4ad00000,0x0000007b4ae00000) (1024K)]
  0x000001b99a05bde0 JavaThread "Finalizer"                  daemon [_thread_blocked, id=12692, stack(0x0000007b4ae00000,0x0000007b4af00000) (1024K)]
  0x000001b99a05c960 JavaThread "Signal Dispatcher"          daemon [_thread_blocked, id=1704, stack(0x0000007b4af00000,0x0000007b4b000000) (1024K)]
  0x000001b99a076460 JavaThread "Attach Listener"            daemon [_thread_blocked, id=4200, stack(0x0000007b4b000000,0x0000007b4b100000) (1024K)]
  0x000001b99a076ec0 JavaThread "Service Thread"             daemon [_thread_blocked, id=6828, stack(0x0000007b4b100000,0x0000007b4b200000) (1024K)]
  0x000001b99a078930 JavaThread "Monitor Deflation Thread"   daemon [_thread_blocked, id=5172, stack(0x0000007b4b200000,0x0000007b4b300000) (1024K)]
  0x000001b99a0400a0 JavaThread "C2 CompilerThread0"         daemon [_thread_blocked, id=14616, stack(0x0000007b4b300000,0x0000007b4b400000) (1024K)]
  0x000001b99a048cc0 JavaThread "C1 CompilerThread0"         daemon [_thread_blocked, id=10164, stack(0x0000007b4b400000,0x0000007b4b500000) (1024K)]
  0x000001b99a4124c0 JavaThread "Notification Thread"        daemon [_thread_blocked, id=13160, stack(0x0000007b4b500000,0x0000007b4b600000) (1024K)]
  0x000001b99a33df70 JavaThread "Daemon health stats"               [_thread_blocked, id=13180, stack(0x0000007b4b900000,0x0000007b4ba00000) (1024K)]
  0x000001b99b566ed0 JavaThread "Incoming local TCP Connector on port 52080"        [_thread_in_native, id=14348, stack(0x0000007b4bb00000,0x0000007b4bc00000) (1024K)]
  0x000001b99c087070 JavaThread "Daemon periodic checks"            [_thread_blocked, id=1004, stack(0x0000007b4ba00000,0x0000007b4bb00000) (1024K)]
  0x000001b99c0880f0 JavaThread "Daemon"                            [_thread_blocked, id=15824, stack(0x0000007b4bc00000,0x0000007b4bd00000) (1024K)]
  0x000001b99a358b40 JavaThread "Handler for socket connection from /127.0.0.1:52080 to /127.0.0.1:52081"        [_thread_in_native, id=9808, stack(0x0000007b4bd00000,0x0000007b4be00000) (1024K)]
  0x000001b99b1bd380 JavaThread "Cancel handler"                    [_thread_blocked, id=10636, stack(0x0000007b4be00000,0x0000007b4bf00000) (1024K)]
  0x000001b99b1bccf0 JavaThread "Daemon worker"                     [_thread_blocked, id=7748, stack(0x0000007b4bf00000,0x0000007b4c000000) (1024K)]
  0x000001b99b1bc660 JavaThread "Asynchronous log dispatcher for DefaultDaemonConnection: socket connection from /127.0.0.1:52080 to /127.0.0.1:52081"        [_thread_blocked, id=6152, stack(0x0000007b4c000000,0x0000007b4c100000) (1024K)]
  0x000001b99b1bb2b0 JavaThread "Stdin handler"                     [_thread_blocked, id=9896, stack(0x0000007b4c100000,0x0000007b4c200000) (1024K)]
  0x000001b99b1bda10 JavaThread "Daemon client event forwarder"        [_thread_blocked, id=12708, stack(0x0000007b4c200000,0x0000007b4c300000) (1024K)]
  0x000001b99b1bbfd0 JavaThread "Cache worker for journal cache (C:\Users\Mohamed Hassan\.gradle\caches\journal-1)"        [_thread_blocked, id=12884, stack(0x0000007b4c300000,0x0000007b4c400000) (1024K)]
  0x000001b99b1be0a0 JavaThread "File lock request listener"        [_thread_in_native, id=16324, stack(0x0000007b4c400000,0x0000007b4c500000) (1024K)]
  0x000001b99b1bb940 JavaThread "Cache worker for file hash cache (C:\Users\Mohamed Hassan\.gradle\caches\9.3.1\fileHashes)"        [_thread_blocked, id=1656, stack(0x0000007b4c600000,0x0000007b4c700000) (1024K)]
  0x000001b99dc483a0 JavaThread "Cache worker for file hash cache (D:\find\.gradle\9.3.1\fileHashes)"        [_thread_blocked, id=15912, stack(0x0000007b4c500000,0x0000007b4c600000) (1024K)]
  0x000001b99dc462d0 JavaThread "Cache worker for Build Output Cleanup Cache (D:\find\.gradle\buildOutputCleanup)"        [_thread_blocked, id=14036, stack(0x0000007b4c700000,0x0000007b4c800000) (1024K)]
  0x000001b99dc4a470 JavaThread "File watcher server"        daemon [_thread_in_native, id=3724, stack(0x0000007b4c800000,0x0000007b4c900000) (1024K)]
  0x000001b99dc46ff0 JavaThread "File watcher consumer"      daemon [_thread_blocked, id=1248, stack(0x0000007b4c900000,0x0000007b4ca00000) (1024K)]
  0x000001b99dc44890 JavaThread "Cache worker for checksums cache (D:\find\.gradle\9.3.1\checksums)"        [_thread_blocked, id=9316, stack(0x0000007b4ca00000,0x0000007b4cb00000) (1024K)]
  0x000001b99dc47680 JavaThread "Cache worker for file content cache (C:\Users\Mohamed Hassan\.gradle\caches\9.3.1\fileContent)"        [_thread_blocked, id=14044, stack(0x0000007b4cb00000,0x0000007b4cc00000) (1024K)]
  0x000001b99dc434e0 JavaThread "Cache worker for cache directory md-supplier (C:\Users\Mohamed Hassan\.gradle\caches\9.3.1\md-supplier)"        [_thread_blocked, id=4760, stack(0x0000007b4cc00000,0x0000007b4cd00000) (1024K)]
  0x000001b99dc4ab00 JavaThread "Cache worker for cache directory md-rule (C:\Users\Mohamed Hassan\.gradle\caches\9.3.1\md-rule)"        [_thread_blocked, id=10372, stack(0x0000007b4cd00000,0x0000007b4ce00000) (1024K)]
  0x000001b99dc44f20 JavaThread "jar transforms"                    [_thread_blocked, id=13572, stack(0x0000007b4ce00000,0x0000007b4cf00000) (1024K)]
  0x000001b99dc455b0 JavaThread "jar transforms Thread 2"           [_thread_blocked, id=584, stack(0x0000007b4d000000,0x0000007b4d100000) (1024K)]
  0x000001b99dc47d10 JavaThread "jar transforms Thread 3"           [_thread_blocked, id=6024, stack(0x0000007b4d100000,0x0000007b4d200000) (1024K)]
  0x000001b99dc490c0 JavaThread "Unconstrained build operations"        [_thread_blocked, id=14848, stack(0x0000007b4cf00000,0x0000007b4d000000) (1024K)]
  0x000001b99dc46960 JavaThread "Unconstrained build operations Thread 2"        [_thread_blocked, id=14136, stack(0x0000007b4d200000,0x0000007b4d300000) (1024K)]
  0x000001b99dc49750 JavaThread "Unconstrained build operations Thread 3"        [_thread_blocked, id=12368, stack(0x0000007b4d300000,0x0000007b4d400000) (1024K)]
  0x000001b99dc49de0 JavaThread "Unconstrained build operations Thread 4"        [_thread_blocked, id=9856, stack(0x0000007b4d400000,0x0000007b4d500000) (1024K)]
  0x000001b99e8c87c0 JavaThread "Unconstrained build operations Thread 5"        [_thread_blocked, id=13468, stack(0x0000007b4d500000,0x0000007b4d600000) (1024K)]
  0x000001b99e8c3900 JavaThread "Unconstrained build operations Thread 6"        [_thread_blocked, id=15720, stack(0x0000007b4d600000,0x0000007b4d700000) (1024K)]
  0x000001b99e8c94e0 JavaThread "jar transforms Thread 4"           [_thread_blocked, id=14608, stack(0x0000007b4d700000,0x0000007b4d800000) (1024K)]
  0x000001b99e8c9b70 JavaThread "Unconstrained build operations Thread 7"        [_thread_blocked, id=16308, stack(0x0000007b4d800000,0x0000007b4d900000) (1024K)]
  0x000001b99e8c6060 JavaThread "Unconstrained build operations Thread 8"        [_thread_blocked, id=14956, stack(0x0000007b4d900000,0x0000007b4da00000) (1024K)]
  0x000001b99e8c2be0 JavaThread "Unconstrained build operations Thread 9"        [_thread_blocked, id=7852, stack(0x0000007b4da00000,0x0000007b4db00000) (1024K)]
  0x000001b99e8c4620 JavaThread "Unconstrained build operations Thread 10"        [_thread_blocked, id=8524, stack(0x0000007b4dc00000,0x0000007b4dd00000) (1024K)]
  0x000001b99e8c66f0 JavaThread "Unconstrained build operations Thread 11"        [_thread_blocked, id=12056, stack(0x0000007b4dd00000,0x0000007b4de00000) (1024K)]
  0x000001b99e8c7aa0 JavaThread "Unconstrained build operations Thread 12"        [_thread_blocked, id=14732, stack(0x0000007b4de00000,0x0000007b4df00000) (1024K)]
  0x000001b99e8c5340 JavaThread "Unconstrained build operations Thread 13"        [_thread_blocked, id=16108, stack(0x0000007b4df00000,0x0000007b4e000000) (1024K)]
  0x000001b99e8c59d0 JavaThread "Unconstrained build operations Thread 14"        [_thread_blocked, id=11612, stack(0x0000007b4e000000,0x0000007b4e100000) (1024K)]
  0x000001b99e8c6d80 JavaThread "Unconstrained build operations Thread 15"        [_thread_blocked, id=12068, stack(0x0000007b4e100000,0x0000007b4e200000) (1024K)]
  0x000001b99be61ba0 JavaThread "Unconstrained build operations Thread 16"        [_thread_blocked, id=14672, stack(0x0000007b4e200000,0x0000007b4e300000) (1024K)]
  0x000001b99be670f0 JavaThread "Unconstrained build operations Thread 17"        [_thread_blocked, id=8584, stack(0x0000007b4e300000,0x0000007b4e400000) (1024K)]
  0x000001b99be62f50 JavaThread "Unconstrained build operations Thread 18"        [_thread_blocked, id=6220, stack(0x0000007b4e400000,0x0000007b4e500000) (1024K)]
  0x000001b99be61510 JavaThread "Unconstrained build operations Thread 19"        [_thread_blocked, id=14844, stack(0x0000007b4e500000,0x0000007b4e600000) (1024K)]
  0x000001b99be62230 JavaThread "Unconstrained build operations Thread 20"        [_thread_blocked, id=9992, stack(0x0000007b4e600000,0x0000007b4e700000) (1024K)]
  0x000001b99be635e0 JavaThread "Unconstrained build operations Thread 21"        [_thread_blocked, id=16016, stack(0x0000007b4e700000,0x0000007b4e800000) (1024K)]
  0x000001b99be67780 JavaThread "Unconstrained build operations Thread 22"        [_thread_blocked, id=14204, stack(0x0000007b4a200000,0x0000007b4a300000) (1024K)]
  0x000001b99be663d0 JavaThread "Unconstrained build operations Thread 23"        [_thread_blocked, id=8496, stack(0x0000007b4a300000,0x0000007b4a400000) (1024K)]
  0x000001b99be67e10 JavaThread "Unconstrained build operations Thread 24"        [_thread_blocked, id=8324, stack(0x0000007b4e800000,0x0000007b4e900000) (1024K)]
  0x000001b99eb0c580 JavaThread "C2 CompilerThread1"         daemon [_thread_blocked, id=11516, stack(0x0000007b4e900000,0x0000007b4ea00000) (1024K)]
Total: 61

Other Threads:
=>0x000001b995aa7e90 VMThread "VM Thread"                           [id=15676, stack(0x0000007b4ab00000,0x0000007b4ac00000) (1024K)]
  0x000001b995a44fb0 WatcherThread "VM Periodic Task Thread"        [id=14504, stack(0x0000007b4aa00000,0x0000007b4ab00000) (1024K)]
  0x000001b9ff88a500 WorkerThread "GC Thread#0"                     [id=5476, stack(0x0000007b4a500000,0x0000007b4a600000) (1024K)]
  0x000001b99a5ebd50 WorkerThread "GC Thread#1"                     [id=9080, stack(0x0000007b4b600000,0x0000007b4b700000) (1024K)]
  0x000001b99a410620 WorkerThread "GC Thread#2"                     [id=13064, stack(0x0000007b4b700000,0x0000007b4b800000) (1024K)]
  0x000001b99a4109c0 WorkerThread "GC Thread#3"                     [id=7668, stack(0x0000007b4b800000,0x0000007b4b900000) (1024K)]
  0x000001b9ff893290 ConcurrentGCThread "G1 Main Marker"            [id=14584, stack(0x0000007b4a600000,0x0000007b4a700000) (1024K)]
  0x000001b9ff893cb0 WorkerThread "G1 Conc#0"                       [id=15432, stack(0x0000007b4a700000,0x0000007b4a800000) (1024K)]
  0x000001b9ff91e1b0 ConcurrentGCThread "G1 Refine#0"               [id=15284, stack(0x0000007b4a800000,0x0000007b4a900000) (1024K)]
  0x000001b99591d110 ConcurrentGCThread "G1 Service"                [id=9036, stack(0x0000007b4a900000,0x0000007b4aa00000) (1024K)]
Total: 10

Threads with active compile tasks:
C2 CompilerThread0  299049 10603       4       org.gradle.internal.serialize.HierarchicalNameSerializer::writeName (88 bytes)
C2 CompilerThread1  299049 10591       4       org.gradle.internal.serialize.AbstractCollectionSerializer::write (52 bytes)
Total: 2

VM state: at safepoint (normal execution)

VM Mutex/Monitor currently owned by a thread:  ([mutex/lock_event])
[0x00007fffa5e38690] Threads_lock - owner thread: 0x000001b995aa7e90
[0x00007fffa5e38790] Heap_lock - owner thread: 0x000001b99b1bccf0

Heap address: 0x00000000c0000000, size: 1024 MB, Compressed Oops mode: 32-bit

CDS archive(s) not mapped
Compressed class space mapped at: 0x0000000100000000-0x000000010d000000, reserved size: 218103808
Narrow klass base: 0x0000000000000000, Narrow klass shift: 3, Narrow klass range: 0x10d000000

GC Precious Log:
 CardTable entry size: 512
 Card Set container configuration: InlinePtr #cards 5 size 8 Array Of Cards #cards 12 size 40 Howl #buckets 4 coarsen threshold 1843 Howl Bitmap #cards 512 size 80 coarsen threshold 460 Card regions per heap region 1 cards per card region 2048
 CPUs: 4 total, 4 available
 Memory: 11178M
 Large Page Support: Disabled
 NUMA Support: Disabled
 Compressed Oops: Enabled (32-bit)
 Heap Region Size: 1M
 Heap Min Capacity: 8M
 Heap Initial Capacity: 176M
 Heap Max Capacity: 1G
 Pre-touch: Disabled
 Parallel Workers: 4
 Concurrent Workers: 1
 Concurrent Refinement Workers: 4
 Periodic GC: Disabled

Heap:
 garbage-first heap   total 112640K, used 66407K [0x00000000c0000000, 0x0000000100000000)
  region size 1024K, 5 young (5120K), 5 survivors (5120K)
 Metaspace       used 82062K, committed 83968K, reserved 344064K
  class space    used 11501K, committed 12416K, reserved 212992K

Heap Regions: E=young(eden), S=young(survivor), O=old, HS=humongous(starts), HC=humongous(continues), CS=collection set, F=free, TAMS=top-at-mark-start, PB=parsable bottom
|   0|0x00000000c0000000, 0x00000000c0100000, 0x00000000c0100000|100%|HS|  |TAMS 0x00000000c0000000| PB 0x00000000c0000000| Complete 
|   1|0x00000000c0100000, 0x00000000c0200000, 0x00000000c0200000|100%|HC|  |TAMS 0x00000000c0100000| PB 0x00000000c0100000| Complete 
|   2|0x00000000c0200000, 0x00000000c0300000, 0x00000000c0300000|100%|HC|  |TAMS 0x00000000c0200000| PB 0x00000000c0200000| Complete 
|   3|0x00000000c0300000, 0x00000000c0400000, 0x00000000c0400000|100%|HC|  |TAMS 0x00000000c0300000| PB 0x00000000c0300000| Complete 
|   4|0x00000000c0400000, 0x00000000c0500000, 0x00000000c0500000|100%|HS|  |TAMS 0x00000000c0400000| PB 0x00000000c0400000| Complete 
|   5|0x00000000c0500000, 0x00000000c0600000, 0x00000000c0600000|100%| O|  |TAMS 0x00000000c0500000| PB 0x00000000c0500000| Untracked 
|   6|0x00000000c0600000, 0x00000000c06f7e20, 0x00000000c0700000| 96%| O|  |TAMS 0x00000000c0600000| PB 0x00000000c0600000| Untracked 
|   7|0x00000000c0700000, 0x00000000c0800000, 0x00000000c0800000|100%| O|  |TAMS 0x00000000c0700000| PB 0x00000000c0700000| Untracked 
|   8|0x00000000c0800000, 0x00000000c0900000, 0x00000000c0900000|100%| O|  |TAMS 0x00000000c0800000| PB 0x00000000c0800000| Untracked 
|   9|0x00000000c0900000, 0x00000000c0a00000, 0x00000000c0a00000|100%| O|  |TAMS 0x00000000c0900000| PB 0x00000000c0900000| Untracked 
|  10|0x00000000c0a00000, 0x00000000c0b00000, 0x00000000c0b00000|100%| O|  |TAMS 0x00000000c0a00000| PB 0x00000000c0a00000| Untracked 
|  11|0x00000000c0b00000, 0x00000000c0c00000, 0x00000000c0c00000|100%| O|  |TAMS 0x00000000c0b00000| PB 0x00000000c0b00000| Untracked 
|  12|0x00000000c0c00000, 0x00000000c0d00000, 0x00000000c0d00000|100%| O|  |TAMS 0x00000000c0c00000| PB 0x00000000c0c00000| Untracked 
|  13|0x00000000c0d00000, 0x00000000c0e00000, 0x00000000c0e00000|100%| O|  |TAMS 0x00000000c0d00000| PB 0x00000000c0d00000| Untracked 
|  14|0x00000000c0e00000, 0x00000000c0f00000, 0x00000000c0f00000|100%| O|  |TAMS 0x00000000c0e00000| PB 0x00000000c0e00000| Untracked 
|  15|0x00000000c0f00000, 0x00000000c1000000, 0x00000000c1000000|100%| O|  |TAMS 0x00000000c0f00000| PB 0x00000000c0f00000| Untracked 
|  16|0x00000000c1000000, 0x00000000c1100000, 0x00000000c1100000|100%| O|  |TAMS 0x00000000c1000000| PB 0x00000000c1000000| Untracked 
|  17|0x00000000c1100000, 0x00000000c1200000, 0x00000000c1200000|100%| O|  |TAMS 0x00000000c1100000| PB 0x00000000c1100000| Untracked 
|  18|0x00000000c1200000, 0x00000000c1300000, 0x00000000c1300000|100%|HS|  |TAMS 0x00000000c1200000| PB 0x00000000c1200000| Complete 
|  19|0x00000000c1300000, 0x00000000c1400000, 0x00000000c1400000|100%|HC|  |TAMS 0x00000000c1300000| PB 0x00000000c1300000| Complete 
|  20|0x00000000c1400000, 0x00000000c1500000, 0x00000000c1500000|100%| O|  |TAMS 0x00000000c1400000| PB 0x00000000c1400000| Untracked 
|  21|0x00000000c1500000, 0x00000000c1600000, 0x00000000c1600000|100%| O|  |TAMS 0x00000000c1500000| PB 0x00000000c1500000| Untracked 
|  22|0x00000000c1600000, 0x00000000c1700000, 0x00000000c1700000|100%| O|  |TAMS 0x00000000c1600000| PB 0x00000000c1600000| Untracked 
|  23|0x00000000c1700000, 0x00000000c1800000, 0x00000000c1800000|100%| O|  |TAMS 0x00000000c1700000| PB 0x00000000c1700000| Untracked 
|  24|0x00000000c1800000, 0x00000000c18bef10, 0x00000000c1900000| 74%| O|  |TAMS 0x00000000c1800000| PB 0x00000000c1800000| Untracked 
|  25|0x00000000c1900000, 0x00000000c1900000, 0x00000000c1a00000|  0%| F|  |TAMS 0x00000000c1900000| PB 0x00000000c1900000| Untracked 
|  26|0x00000000c1a00000, 0x00000000c1b00000, 0x00000000c1b00000|100%| O|  |TAMS 0x00000000c1a00000| PB 0x00000000c1a00000| Untracked 
|  27|0x00000000c1b00000, 0x00000000c1c00000, 0x00000000c1c00000|100%| O|  |TAMS 0x00000000c1b00000| PB 0x00000000c1b00000| Untracked 
|  28|0x00000000c1c00000, 0x00000000c1d00000, 0x00000000c1d00000|100%| O|  |TAMS 0x00000000c1c00000| PB 0x00000000c1c00000| Untracked 
|  29|0x00000000c1d00000, 0x00000000c1e00000, 0x00000000c1e00000|100%| O|  |TAMS 0x00000000c1d00000| PB 0x00000000c1d00000| Untracked 
|  30|0x00000000c1e00000, 0x00000000c1f00000, 0x00000000c1f00000|100%| O|  |TAMS 0x00000000c1e00000| PB 0x00000000c1e00000| Untracked 
|  31|0x00000000c1f00000, 0x00000000c2000000, 0x00000000c2000000|100%| O|  |TAMS 0x00000000c1f00000| PB 0x00000000c1f00000| Untracked 
|  32|0x00000000c2000000, 0x00000000c2100000, 0x00000000c2100000|100%| O|  |TAMS 0x00000000c2000000| PB 0x00000000c2000000| Untracked 
|  33|0x00000000c2100000, 0x00000000c2200000, 0x00000000c2200000|100%| O|  |TAMS 0x00000000c2100000| PB 0x00000000c2100000| Untracked 
|  34|0x00000000c2200000, 0x00000000c2300000, 0x00000000c2300000|100%| O|  |TAMS 0x00000000c2200000| PB 0x00000000c2200000| Untracked 
|  35|0x00000000c2300000, 0x00000000c2400000, 0x00000000c2400000|100%| O|  |TAMS 0x00000000c2300000| PB 0x00000000c2300000| Untracked 
|  36|0x00000000c2400000, 0x00000000c2500000, 0x00000000c2500000|100%| O|  |TAMS 0x00000000c2400000| PB 0x00000000c2400000| Untracked 
|  37|0x00000000c2500000, 0x00000000c2600000, 0x00000000c2600000|100%| O|  |TAMS 0x00000000c2500000| PB 0x00000000c2500000| Untracked 
|  38|0x00000000c2600000, 0x00000000c2700000, 0x00000000c2700000|100%|HS|  |TAMS 0x00000000c2600000| PB 0x00000000c2600000| Complete 
|  39|0x00000000c2700000, 0x00000000c2800000, 0x00000000c2800000|100%| O|  |TAMS 0x00000000c2700000| PB 0x00000000c2700000| Untracked 
|  40|0x00000000c2800000, 0x00000000c2900000, 0x00000000c2900000|100%| O|  |TAMS 0x00000000c2800000| PB 0x00000000c2800000| Untracked 
|  41|0x00000000c2900000, 0x00000000c2a00000, 0x00000000c2a00000|100%| O|  |TAMS 0x00000000c2900000| PB 0x00000000c2900000| Untracked 
|  42|0x00000000c2a00000, 0x00000000c2b00000, 0x00000000c2b00000|100%| O|  |TAMS 0x00000000c2a00000| PB 0x00000000c2a00000| Untracked 
|  43|0x00000000c2b00000, 0x00000000c2c00000, 0x00000000c2c00000|100%| O|  |TAMS 0x00000000c2b00000| PB 0x00000000c2b00000| Untracked 
|  44|0x00000000c2c00000, 0x00000000c2d00000, 0x00000000c2d00000|100%| O|  |TAMS 0x00000000c2c00000| PB 0x00000000c2c00000| Untracked 
|  45|0x00000000c2d00000, 0x00000000c2e00000, 0x00000000c2e00000|100%| O|  |TAMS 0x00000000c2d00000| PB 0x00000000c2d00000| Untracked 
|  46|0x00000000c2e00000, 0x00000000c2f00000, 0x00000000c2f00000|100%| O|  |TAMS 0x00000000c2e00000| PB 0x00000000c2e00000| Untracked 
|  47|0x00000000c2f00000, 0x00000000c3000000, 0x00000000c3000000|100%| O|  |TAMS 0x00000000c2f00000| PB 0x00000000c2f00000| Untracked 
|  48|0x00000000c3000000, 0x00000000c3100000, 0x00000000c3100000|100%| S|CS|TAMS 0x00000000c3000000| PB 0x00000000c3000000| Complete 
|  49|0x00000000c3100000, 0x00000000c3200000, 0x00000000c3200000|100%| S|CS|TAMS 0x00000000c3100000| PB 0x00000000c3100000| Complete 
|  50|0x00000000c3200000, 0x00000000c3300000, 0x00000000c3300000|100%| S|CS|TAMS 0x00000000c3200000| PB 0x00000000c3200000| Complete 
|  51|0x00000000c3300000, 0x00000000c3400000, 0x00000000c3400000|100%| S|CS|TAMS 0x00000000c3300000| PB 0x00000000c3300000| Complete 
|  52|0x00000000c3400000, 0x00000000c3400000, 0x00000000c3500000|  0%| F|  |TAMS 0x00000000c3400000| PB 0x00000000c3400000| Untracked 
|  53|0x00000000c3500000, 0x00000000c3500000, 0x00000000c3600000|  0%| F|  |TAMS 0x00000000c3500000| PB 0x00000000c3500000| Untracked 
|  54|0x00000000c3600000, 0x00000000c3600000, 0x00000000c3700000|  0%| F|  |TAMS 0x00000000c3600000| PB 0x00000000c3600000| Untracked 
|  55|0x00000000c3700000, 0x00000000c3700000, 0x00000000c3800000|  0%| F|  |TAMS 0x00000000c3700000| PB 0x00000000c3700000| Untracked 
|  56|0x00000000c3800000, 0x00000000c3800000, 0x00000000c3900000|  0%| F|  |TAMS 0x00000000c3800000| PB 0x00000000c3800000| Untracked 
|  57|0x00000000c3900000, 0x00000000c3900000, 0x00000000c3a00000|  0%| F|  |TAMS 0x00000000c3900000| PB 0x00000000c3900000| Untracked 
|  58|0x00000000c3a00000, 0x00000000c3a00000, 0x00000000c3b00000|  0%| F|  |TAMS 0x00000000c3a00000| PB 0x00000000c3a00000| Untracked 
|  59|0x00000000c3b00000, 0x00000000c3b00000, 0x00000000c3c00000|  0%| F|  |TAMS 0x00000000c3b00000| PB 0x00000000c3b00000| Untracked 
|  60|0x00000000c3c00000, 0x00000000c3c00000, 0x00000000c3d00000|  0%| F|  |TAMS 0x00000000c3c00000| PB 0x00000000c3c00000| Untracked 
|  61|0x00000000c3d00000, 0x00000000c3d00000, 0x00000000c3e00000|  0%| F|  |TAMS 0x00000000c3d00000| PB 0x00000000c3d00000| Untracked 
|  62|0x00000000c3e00000, 0x00000000c3e00000, 0x00000000c3f00000|  0%| F|  |TAMS 0x00000000c3e00000| PB 0x00000000c3e00000| Untracked 
|  63|0x00000000c3f00000, 0x00000000c3f00000, 0x00000000c4000000|  0%| F|  |TAMS 0x00000000c3f00000| PB 0x00000000c3f00000| Untracked 
|  64|0x00000000c4000000, 0x00000000c4000000, 0x00000000c4100000|  0%| F|  |TAMS 0x00000000c4000000| PB 0x00000000c4000000| Untracked 
|  65|0x00000000c4100000, 0x00000000c4100000, 0x00000000c4200000|  0%| F|  |TAMS 0x00000000c4100000| PB 0x00000000c4100000| Untracked 
|  66|0x00000000c4200000, 0x00000000c4200000, 0x00000000c4300000|  0%| F|  |TAMS 0x00000000c4200000| PB 0x00000000c4200000| Untracked 
|  67|0x00000000c4300000, 0x00000000c4300000, 0x00000000c4400000|  0%| F|  |TAMS 0x00000000c4300000| PB 0x00000000c4300000| Untracked 
|  68|0x00000000c4400000, 0x00000000c4400000, 0x00000000c4500000|  0%| F|  |TAMS 0x00000000c4400000| PB 0x00000000c4400000| Untracked 
|  69|0x00000000c4500000, 0x00000000c4500000, 0x00000000c4600000|  0%| F|  |TAMS 0x00000000c4500000| PB 0x00000000c4500000| Untracked 
|  70|0x00000000c4600000, 0x00000000c4600000, 0x00000000c4700000|  0%| F|  |TAMS 0x00000000c4600000| PB 0x00000000c4600000| Untracked 
|  71|0x00000000c4700000, 0x00000000c4700000, 0x00000000c4800000|  0%| F|  |TAMS 0x00000000c4700000| PB 0x00000000c4700000| Untracked 
|  72|0x00000000c4800000, 0x00000000c4800000, 0x00000000c4900000|  0%| F|  |TAMS 0x00000000c4800000| PB 0x00000000c4800000| Untracked 
|  73|0x00000000c4900000, 0x00000000c4900000, 0x00000000c4a00000|  0%| F|  |TAMS 0x00000000c4900000| PB 0x00000000c4900000| Untracked 
|  74|0x00000000c4a00000, 0x00000000c4a00000, 0x00000000c4b00000|  0%| F|  |TAMS 0x00000000c4a00000| PB 0x00000000c4a00000| Untracked 
|  75|0x00000000c4b00000, 0x00000000c4b00000, 0x00000000c4c00000|  0%| F|  |TAMS 0x00000000c4b00000| PB 0x00000000c4b00000| Untracked 
|  76|0x00000000c4c00000, 0x00000000c4c00000, 0x00000000c4d00000|  0%| F|  |TAMS 0x00000000c4c00000| PB 0x00000000c4c00000| Untracked 
|  77|0x00000000c4d00000, 0x00000000c4d00000, 0x00000000c4e00000|  0%| F|  |TAMS 0x00000000c4d00000| PB 0x00000000c4d00000| Untracked 
|  78|0x00000000c4e00000, 0x00000000c4e23248, 0x00000000c4f00000| 13%| S|CS|TAMS 0x00000000c4e00000| PB 0x00000000c4e00000| Complete 
|  91|0x00000000c5b00000, 0x00000000c5b00000, 0x00000000c5c00000|  0%| F|  |TAMS 0x00000000c5b00000| PB 0x00000000c5b00000| Untracked 
|  92|0x00000000c5c00000, 0x00000000c5c00000, 0x00000000c5d00000|  0%| F|  |TAMS 0x00000000c5c00000| PB 0x00000000c5c00000| Untracked 
|  93|0x00000000c5d00000, 0x00000000c5d00000, 0x00000000c5e00000|  0%| F|  |TAMS 0x00000000c5d00000| PB 0x00000000c5d00000| Untracked 
|  94|0x00000000c5e00000, 0x00000000c5e00000, 0x00000000c5f00000|  0%| F|  |TAMS 0x00000000c5e00000| PB 0x00000000c5e00000| Untracked 
|  95|0x00000000c5f00000, 0x00000000c5f00000, 0x00000000c6000000|  0%| F|  |TAMS 0x00000000c5f00000| PB 0x00000000c5f00000| Untracked 
|  96|0x00000000c6000000, 0x00000000c6000000, 0x00000000c6100000|  0%| F|  |TAMS 0x00000000c6000000| PB 0x00000000c6000000| Untracked 
|  97|0x00000000c6100000, 0x00000000c6100000, 0x00000000c6200000|  0%| F|  |TAMS 0x00000000c6100000| PB 0x00000000c6100000| Untracked 
|  98|0x00000000c6200000, 0x00000000c6200000, 0x00000000c6300000|  0%| F|  |TAMS 0x00000000c6200000| PB 0x00000000c6200000| Untracked 
|  99|0x00000000c6300000, 0x00000000c6300000, 0x00000000c6400000|  0%| F|  |TAMS 0x00000000c6300000| PB 0x00000000c6300000| Untracked 
| 100|0x00000000c6400000, 0x00000000c6400000, 0x00000000c6500000|  0%| F|  |TAMS 0x00000000c6400000| PB 0x00000000c6400000| Untracked 
| 101|0x00000000c6500000, 0x00000000c6500000, 0x00000000c6600000|  0%| F|  |TAMS 0x00000000c6500000| PB 0x00000000c6500000| Untracked 
| 102|0x00000000c6600000, 0x00000000c6600000, 0x00000000c6700000|  0%| F|  |TAMS 0x00000000c6600000| PB 0x00000000c6600000| Untracked 
| 103|0x00000000c6700000, 0x00000000c6700000, 0x00000000c6800000|  0%| F|  |TAMS 0x00000000c6700000| PB 0x00000000c6700000| Untracked 
| 104|0x00000000c6800000, 0x00000000c6800000, 0x00000000c6900000|  0%| F|  |TAMS 0x00000000c6800000| PB 0x00000000c6800000| Untracked 
| 175|0x00000000caf00000, 0x00000000caf00000, 0x00000000cb000000|  0%| F|  |TAMS 0x00000000caf00000| PB 0x00000000caf00000| Untracked 
|1008|0x00000000ff000000, 0x00000000ff000000, 0x00000000ff100000|  0%| F|  |TAMS 0x00000000ff000000| PB 0x00000000ff000000| Untracked 
|1009|0x00000000ff100000, 0x00000000ff200000, 0x00000000ff200000|100%| O|  |TAMS 0x00000000ff100000| PB 0x00000000ff100000| Untracked 
|1010|0x00000000ff200000, 0x00000000ff200000, 0x00000000ff300000|  0%| F|  |TAMS 0x00000000ff200000| PB 0x00000000ff200000| Untracked 
|1011|0x00000000ff300000, 0x00000000ff400000, 0x00000000ff400000|100%| O|  |TAMS 0x00000000ff300000| PB 0x00000000ff300000| Untracked 
|1012|0x00000000ff400000, 0x00000000ff500000, 0x00000000ff500000|100%| O|  |TAMS 0x00000000ff400000| PB 0x00000000ff400000| Untracked 
|1013|0x00000000ff500000, 0x00000000ff600000, 0x00000000ff600000|100%| O|  |TAMS 0x00000000ff500000| PB 0x00000000ff500000| Untracked 
|1014|0x00000000ff600000, 0x00000000ff700000, 0x00000000ff700000|100%| O|  |TAMS 0x00000000ff600000| PB 0x00000000ff600000| Untracked 
|1015|0x00000000ff700000, 0x00000000ff800000, 0x00000000ff800000|100%| O|  |TAMS 0x00000000ff700000| PB 0x00000000ff700000| Untracked 
|1016|0x00000000ff800000, 0x00000000ff900000, 0x00000000ff900000|100%| O|  |TAMS 0x00000000ff800000| PB 0x00000000ff800000| Untracked 
|1017|0x00000000ff900000, 0x00000000ffa00000, 0x00000000ffa00000|100%| O|  |TAMS 0x00000000ff900000| PB 0x00000000ff900000| Untracked 
|1018|0x00000000ffa00000, 0x00000000ffb00000, 0x00000000ffb00000|100%| O|  |TAMS 0x00000000ffa00000| PB 0x00000000ffa00000| Untracked 
|1019|0x00000000ffb00000, 0x00000000ffc00000, 0x00000000ffc00000|100%| O|  |TAMS 0x00000000ffb00000| PB 0x00000000ffb00000| Untracked 
|1020|0x00000000ffc00000, 0x00000000ffd00000, 0x00000000ffd00000|100%| O|  |TAMS 0x00000000ffc00000| PB 0x00000000ffc00000| Untracked 
|1021|0x00000000ffd00000, 0x00000000ffe00000, 0x00000000ffe00000|100%| O|  |TAMS 0x00000000ffd00000| PB 0x00000000ffd00000| Untracked 
|1022|0x00000000ffe00000, 0x00000000fff00000, 0x00000000fff00000|100%| O|  |TAMS 0x00000000ffe00000| PB 0x00000000ffe00000| Untracked 
|1023|0x00000000fff00000, 0x0000000100000000, 0x0000000100000000|100%| O|  |TAMS 0x00000000fff00000| PB 0x00000000fff00000| Untracked 

Card table byte_map: [0x000001b9922a0000,0x000001b9924a0000] _byte_map_base: 0x000001b991ca0000

Marking Bits: (CMBitMap*) 0x000001b9ff88a9b0
 Bits: [0x000001b9924a0000, 0x000001b9934a0000)

Polling page: 0x000001b9fdd20000

Metaspace:

Usage:
  Non-class:     68.91 MB used.
      Class:     11.23 MB used.
       Both:     80.14 MB used.

Virtual space:
  Non-class space:      128.00 MB reserved,      69.88 MB ( 55%) committed,  2 nodes.
      Class space:      208.00 MB reserved,      12.12 MB (  6%) committed,  1 nodes.
             Both:      336.00 MB reserved,      82.00 MB ( 24%) committed. 

Chunk freelists:
   Non-Class:  9.80 MB
       Class:  3.88 MB
        Both:  13.67 MB

MaxMetaspaceSize: 256.00 MB
CompressedClassSpaceSize: 208.00 MB
Initial GC threshold: 21.00 MB
Current GC threshold: 136.56 MB
CDS: off
 - commit_granule_bytes: 65536.
 - commit_granule_words: 8192.
 - virtual_space_node_default_size: 8388608.
 - enlarge_chunks_in_place: 1.
 - use_allocation_guard: 0.


Internal statistics:

num_allocs_failed_limit: 9.
num_arena_births: 3670.
num_arena_deaths: 0.
num_vsnodes_births: 3.
num_vsnodes_deaths: 0.
num_space_committed: 1312.
num_space_uncommitted: 0.
num_chunks_returned_to_freelist: 9.
num_chunks_taken_from_freelist: 7001.
num_chunk_merges: 9.
num_chunk_splits: 4450.
num_chunks_enlarged: 2658.
num_inconsistent_stats: 0.

CodeHeap 'non-profiled nmethods': size=120000Kb used=5347Kb max_used=5502Kb free=114652Kb
 bounds [0x000001b98ab70000, 0x000001b98b0d0000, 0x000001b9920a0000]
CodeHeap 'profiled nmethods': size=120000Kb used=15120Kb max_used=16050Kb free=104879Kb
 bounds [0x000001b9830a0000, 0x000001b984060000, 0x000001b98a5d0000]
CodeHeap 'non-nmethods': size=5760Kb used=1964Kb max_used=2021Kb free=3795Kb
 bounds [0x000001b98a5d0000, 0x000001b98a840000, 0x000001b98ab70000]
CodeCache: size=245760Kb, used=22431Kb, max_used=23573Kb, free=223326Kb
 total_blobs=9091, nmethods=8247, adapters=748, full_count=0
Compilation: enabled, stopped_count=0, restarted_count=0

Compilation events (20 events):
Event: 298.949 Thread 0x000001b99a048cc0 10612   !   3       org.gradle.internal.operations.DefaultBuildOperationRunner$2::execute (110 bytes)
Event: 298.950 Thread 0x000001b99a048cc0 nmethod 10612 0x000001b9831be190 code [0x000001b9831be3c0, 0x000001b9831bebb8]
Event: 298.950 Thread 0x000001b99a048cc0 10613   !   3       sun.nio.fs.WindowsFileSystemProvider::createDirectory (99 bytes)
Event: 298.952 Thread 0x000001b99a048cc0 nmethod 10613 0x000001b983c89890 code [0x000001b983c89ba0, 0x000001b983c8ab48]
Event: 298.952 Thread 0x000001b99a048cc0 10611       1       org.gradle.internal.execution.steps.BuildOperationStep$1::description (5 bytes)
Event: 298.952 Thread 0x000001b99a048cc0 nmethod 10611 0x000001b98abee810 code [0x000001b98abee9a0, 0x000001b98abeea68]
Event: 298.959 Thread 0x000001b99a048cc0 10614       3       org.gradle.internal.vfs.impl.VersionHierarchy::updateVersion (40 bytes)
Event: 298.960 Thread 0x000001b99a048cc0 nmethod 10614 0x000001b983229910 code [0x000001b983229b00, 0x000001b98322a048]
Event: 298.960 Thread 0x000001b99a048cc0 10615       3       org.gradle.internal.vfs.impl.VersionHierarchy$2::<init> (21 bytes)
Event: 298.960 Thread 0x000001b99a048cc0 nmethod 10615 0x000001b98331fc90 code [0x000001b98331fe40, 0x000001b983320068]
Event: 298.962 Thread 0x000001b99a0400a0 nmethod 10537 0x000001b98afd3190 code [0x000001b98afd3c40, 0x000001b98afdb758]
Event: 298.962 Thread 0x000001b99a048cc0 10616       3       org.gradle.api.internal.artifacts.transform.AbstractTransformExecution::getOutputDir (11 bytes)
Event: 298.962 Thread 0x000001b99a0400a0 10603       4       org.gradle.internal.serialize.HierarchicalNameSerializer::writeName (88 bytes)
Event: 298.962 Thread 0x000001b99a048cc0 nmethod 10616 0x000001b983195410 code [0x000001b9831955c0, 0x000001b983195748]
Event: 298.968 Thread 0x000001b99a048cc0 10617       3       org.gradle.internal.instantiation.generator.Jsr330ConstructorSelector::vetoParameters (71 bytes)
Event: 298.968 Thread 0x000001b99a048cc0 nmethod 10617 0x000001b9831cfe90 code [0x000001b9831d00a0, 0x000001b9831d0658]
Event: 298.973 Thread 0x000001b99a048cc0 10618   !   3       org.gradle.internal.operations.DefaultBuildOperationQueue$WorkerRunnable::getNextOperation (51 bytes)
Event: 298.974 Thread 0x000001b99a048cc0 nmethod 10618 0x000001b984016c90 code [0x000001b984016f00, 0x000001b9840179e8]
Event: 298.975 Thread 0x000001b99a048cc0 10619       3       java.util.LinkedList::pollFirst (19 bytes)
Event: 298.975 Thread 0x000001b99a048cc0 nmethod 10619 0x000001b983198490 code [0x000001b983198640, 0x000001b9831987d8]

GC Heap History (20 events):
Event: 204.430 GC heap after
{Heap after GC invocations=29 (full 0):
 garbage-first heap   total 96256K, used 56117K [0x00000000c0000000, 0x0000000100000000)
  region size 1024K, 2 young (2048K), 2 survivors (2048K)
 Metaspace       used 81202K, committed 83200K, reserved 344064K
  class space    used 11360K, committed 12352K, reserved 212992K
}
Event: 254.199 GC heap before
{Heap before GC invocations=29 (full 0):
 garbage-first heap   total 96256K, used 89909K [0x00000000c0000000, 0x0000000100000000)
  region size 1024K, 35 young (35840K), 2 survivors (2048K)
 Metaspace       used 81223K, committed 83200K, reserved 344064K
  class space    used 11360K, committed 12352K, reserved 212992K
}
Event: 254.206 GC heap after
{Heap after GC invocations=30 (full 0):
 garbage-first heap   total 96256K, used 56277K [0x00000000c0000000, 0x0000000100000000)
  region size 1024K, 2 young (2048K), 2 survivors (2048K)
 Metaspace       used 81223K, committed 83200K, reserved 344064K
  class space    used 11360K, committed 12352K, reserved 212992K
}
Event: 296.052 GC heap before
{Heap before GC invocations=31 (full 0):
 garbage-first heap   total 96256K, used 90069K [0x00000000c0000000, 0x0000000100000000)
  region size 1024K, 35 young (35840K), 2 survivors (2048K)
 Metaspace       used 81280K, committed 83264K, reserved 344064K
  class space    used 11360K, committed 12352K, reserved 212992K
}
Event: 296.058 GC heap after
{Heap after GC invocations=32 (full 0):
 garbage-first heap   total 96256K, used 56458K [0x00000000c0000000, 0x0000000100000000)
  region size 1024K, 3 young (3072K), 3 survivors (3072K)
 Metaspace       used 81280K, committed 83264K, reserved 344064K
  class space    used 11360K, committed 12352K, reserved 212992K
}
Event: 296.908 GC heap before
{Heap before GC invocations=32 (full 0):
 garbage-first heap   total 96256K, used 89226K [0x00000000c0000000, 0x0000000100000000)
  region size 1024K, 35 young (35840K), 3 survivors (3072K)
 Metaspace       used 81940K, committed 83840K, reserved 344064K
  class space    used 11501K, committed 12416K, reserved 212992K
}
Event: 296.918 GC heap after
{Heap after GC invocations=33 (full 0):
 garbage-first heap   total 96256K, used 59107K [0x00000000c0000000, 0x0000000100000000)
  region size 1024K, 4 young (4096K), 4 survivors (4096K)
 Metaspace       used 81940K, committed 83840K, reserved 344064K
  class space    used 11501K, committed 12416K, reserved 212992K
}
Event: 297.179 GC heap before
{Heap before GC invocations=33 (full 0):
 garbage-first heap   total 96256K, used 79587K [0x00000000c0000000, 0x0000000100000000)
  region size 1024K, 26 young (26624K), 4 survivors (4096K)
 Metaspace       used 81979K, committed 83904K, reserved 344064K
  class space    used 11501K, committed 12416K, reserved 212992K
}
Event: 297.189 GC heap after
{Heap after GC invocations=34 (full 0):
 garbage-first heap   total 96256K, used 60411K [0x00000000c0000000, 0x0000000100000000)
  region size 1024K, 4 young (4096K), 4 survivors (4096K)
 Metaspace       used 81979K, committed 83904K, reserved 344064K
  class space    used 11501K, committed 12416K, reserved 212992K
}
Event: 297.613 GC heap before
{Heap before GC invocations=35 (full 0):
 garbage-first heap   total 104448K, used 89083K [0x00000000c0000000, 0x0000000100000000)
  region size 1024K, 32 young (32768K), 4 survivors (4096K)
 Metaspace       used 81989K, committed 83904K, reserved 344064K
  class space    used 11501K, committed 12416K, reserved 212992K
}
Event: 297.621 GC heap after
{Heap after GC invocations=36 (full 0):
 garbage-first heap   total 104448K, used 62609K [0x00000000c0000000, 0x0000000100000000)
  region size 1024K, 3 young (3072K), 3 survivors (3072K)
 Metaspace       used 81989K, committed 83904K, reserved 344064K
  class space    used 11501K, committed 12416K, reserved 212992K
}
Event: 297.861 GC heap before
{Heap before GC invocations=36 (full 0):
 garbage-first heap   total 104448K, used 96401K [0x00000000c0000000, 0x0000000100000000)
  region size 1024K, 37 young (37888K), 3 survivors (3072K)
 Metaspace       used 82000K, committed 83904K, reserved 344064K
  class space    used 11501K, committed 12416K, reserved 212992K
}
Event: 297.869 GC heap after
{Heap after GC invocations=37 (full 0):
 garbage-first heap   total 104448K, used 63726K [0x00000000c0000000, 0x0000000100000000)
  region size 1024K, 4 young (4096K), 4 survivors (4096K)
 Metaspace       used 82000K, committed 83904K, reserved 344064K
  class space    used 11501K, committed 12416K, reserved 212992K
}
Event: 298.125 GC heap before
{Heap before GC invocations=37 (full 0):
 garbage-first heap   total 104448K, used 97518K [0x00000000c0000000, 0x0000000100000000)
  region size 1024K, 37 young (37888K), 4 survivors (4096K)
 Metaspace       used 82009K, committed 83904K, reserved 344064K
  class space    used 11501K, committed 12416K, reserved 212992K
}
Event: 298.132 GC heap after
{Heap after GC invocations=38 (full 0):
 garbage-first heap   total 104448K, used 64745K [0x00000000c0000000, 0x0000000100000000)
  region size 1024K, 4 young (4096K), 4 survivors (4096K)
 Metaspace       used 82009K, committed 83904K, reserved 344064K
  class space    used 11501K, committed 12416K, reserved 212992K
}
Event: 298.263 GC heap before
{Heap before GC invocations=38 (full 0):
 garbage-first heap   total 104448K, used 96489K [0x00000000c0000000, 0x0000000100000000)
  region size 1024K, 36 young (36864K), 4 survivors (4096K)
 Metaspace       used 82014K, committed 83904K, reserved 344064K
  class space    used 11501K, committed 12416K, reserved 212992K
}
Event: 298.270 GC heap after
{Heap after GC invocations=39 (full 0):
 garbage-first heap   total 104448K, used 65717K [0x00000000c0000000, 0x0000000100000000)
  region size 1024K, 4 young (4096K), 4 survivors (4096K)
 Metaspace       used 82014K, committed 83904K, reserved 344064K
  class space    used 11501K, committed 12416K, reserved 212992K
}
Event: 298.578 GC heap before
{Heap before GC invocations=40 (full 0):
 garbage-first heap   total 111616K, used 96437K [0x00000000c0000000, 0x0000000100000000)
  region size 1024K, 35 young (35840K), 4 survivors (4096K)
 Metaspace       used 82024K, committed 83904K, reserved 344064K
  class space    used 11501K, committed 12416K, reserved 212992K
}
Event: 298.584 GC heap after
{Heap after GC invocations=41 (full 0):
 garbage-first heap   total 111616K, used 65471K [0x00000000c0000000, 0x0000000100000000)
  region size 1024K, 3 young (3072K), 3 survivors (3072K)
 Metaspace       used 82024K, committed 83904K, reserved 344064K
  class space    used 11501K, committed 12416K, reserved 212992K
}
Event: 298.980 GC heap before
{Heap before GC invocations=41 (full 0):
 garbage-first heap   total 111616K, used 104383K [0x00000000c0000000, 0x0000000100000000)
  region size 1024K, 43 young (44032K), 3 survivors (3072K)
 Metaspace       used 82062K, committed 83968K, reserved 344064K
  class space    used 11501K, committed 12416K, reserved 212992K
}

Dll operation events (3 events):
Event: 0.028 Loaded shared library C:\Program Files\Android\Android Studio\jbr\bin\java.dll
Event: 0.059 Loaded shared library C:\Program Files\Android\Android Studio\jbr\bin\zip.dll
Event: 4.533 Loaded shared library C:\Program Files\Android\Android Studio\jbr\bin\verify.dll

Deoptimization events (20 events):
Event: 298.460 Thread 0x000001b99be67780 Uncommon trap: trap_request=0xffffff45 fr.pc=0x000001b98abd3320 relative=0x0000000000000900
Event: 298.460 Thread 0x000001b99be67780 Uncommon trap: reason=unstable_if action=reinterpret pc=0x000001b98abd3320 method=com.google.common.collect.HashBiMap.seekByValue(Ljava/lang/Object;I)Lcom/google/common/collect/HashBiMap$BiEntry; @ 32 c2
Event: 298.460 Thread 0x000001b99be67780 DEOPT PACKING pc=0x000001b98abd3320 sp=0x0000007b4a2fa330
Event: 298.460 Thread 0x000001b99be67780 DEOPT UNPACKING pc=0x000001b98a6243a2 sp=0x0000007b4a2fa178 mode 2
Event: 298.473 Thread 0x000001b99be67780 Uncommon trap: trap_request=0xffffff45 fr.pc=0x000001b98b0ac0f0 relative=0x00000000000000d0
Event: 298.473 Thread 0x000001b99be67780 Uncommon trap: reason=unstable_if action=reinterpret pc=0x000001b98b0ac0f0 method=com.google.common.collect.HashBiMap.seekByValue(Ljava/lang/Object;I)Lcom/google/common/collect/HashBiMap$BiEntry; @ 32 c2
Event: 298.473 Thread 0x000001b99be67780 DEOPT PACKING pc=0x000001b98b0ac0f0 sp=0x0000007b4a2fa490
Event: 298.473 Thread 0x000001b99be67780 DEOPT UNPACKING pc=0x000001b98a6243a2 sp=0x0000007b4a2fa410 mode 2
Event: 298.574 Thread 0x000001b99be67780 DEOPT PACKING pc=0x000001b983fbcdc1 sp=0x0000007b4a2fa0b0
Event: 298.574 Thread 0x000001b99be67780 DEOPT UNPACKING pc=0x000001b98a624b42 sp=0x0000007b4a2f9550 mode 0
Event: 298.620 Thread 0x000001b99be663d0 DEOPT PACKING pc=0x000001b983fbcdc1 sp=0x0000007b4a3fa990
Event: 298.620 Thread 0x000001b99be663d0 DEOPT UNPACKING pc=0x000001b98a624b42 sp=0x0000007b4a3f9e30 mode 0
Event: 298.737 Thread 0x000001b99be663d0 DEOPT PACKING pc=0x000001b983fbcdc1 sp=0x0000007b4a3f9b30
Event: 298.737 Thread 0x000001b99be663d0 DEOPT UNPACKING pc=0x000001b98a624b42 sp=0x0000007b4a3f8fd0 mode 0
Event: 298.767 Thread 0x000001b99b1bb940 DEOPT PACKING pc=0x000001b983fbcdc1 sp=0x0000007b4c6fe580
Event: 298.768 Thread 0x000001b99b1bb940 DEOPT UNPACKING pc=0x000001b98a624b42 sp=0x0000007b4c6fda20 mode 0
Event: 298.842 Thread 0x000001b99be663d0 Uncommon trap: trap_request=0xffffff45 fr.pc=0x000001b98ad6e024 relative=0x00000000000029a4
Event: 298.842 Thread 0x000001b99be663d0 Uncommon trap: reason=unstable_if action=reinterpret pc=0x000001b98ad6e024 method=com.google.common.collect.HashBiMap.seekByValue(Ljava/lang/Object;I)Lcom/google/common/collect/HashBiMap$BiEntry; @ 32 c2
Event: 298.842 Thread 0x000001b99be663d0 DEOPT PACKING pc=0x000001b98ad6e024 sp=0x0000007b4a3fac60
Event: 298.842 Thread 0x000001b99be663d0 DEOPT UNPACKING pc=0x000001b98a6243a2 sp=0x0000007b4a3faa20 mode 2

Classes loaded (20 events):
Event: 43.090 Loading class com/sun/org/apache/xerces/internal/dom/CommentImpl done
Event: 43.090 Loading class com/sun/org/apache/xerces/internal/dom/DeferredCommentImpl done
Event: 48.731 Loading class sun/security/ssl/Alert
Event: 48.731 Loading class sun/security/ssl/Alert done
Event: 48.732 Loading class sun/security/ssl/Alert$AlertConsumer
Event: 48.733 Loading class sun/security/ssl/Alert$AlertConsumer done
Event: 48.733 Loading class sun/security/ssl/Alert$Level
Event: 48.733 Loading class sun/security/ssl/Alert$Level done
Event: 51.108 Loading class java/util/LinkedList$LLSpliterator
Event: 51.109 Loading class java/util/LinkedList$LLSpliterator done
Event: 151.448 Loading class java/util/zip/DataFormatException
Event: 151.449 Loading class java/util/zip/DataFormatException done
Event: 151.464 Loading class java/lang/StackTraceElement$HashedModules
Event: 151.464 Loading class java/lang/StackTraceElement$HashedModules done
Event: 296.185 Loading class java/util/zip/ZipFile$ZipEntryIterator
Event: 296.185 Loading class java/util/zip/ZipFile$ZipEntryIterator done
Event: 296.193 Loading class java/util/zip/ZipInputStream
Event: 296.193 Loading class java/util/zip/ZipInputStream done
Event: 296.256 Loading class sun/nio/ch/ChannelOutputStream
Event: 296.257 Loading class sun/nio/ch/ChannelOutputStream done

Classes unloaded (0 events):
No events

Classes redefined (0 events):
No events

Internal exceptions (20 events):
Event: 298.830 Thread 0x000001b99be67780 Exception <a 'sun/nio/fs/WindowsException'{0x00000000c4525528}> (0x00000000c4525528) 
thrown [s\src\hotspot\share\prims\jni.cpp, line 537]
Event: 298.831 Thread 0x000001b99be67780 Exception <a 'sun/nio/fs/WindowsException'{0x00000000c4526360}> (0x00000000c4526360) 
thrown [s\src\hotspot\share\prims\jni.cpp, line 537]
Event: 298.831 Thread 0x000001b99be67780 Exception <a 'sun/nio/fs/WindowsException'{0x00000000c45273a8}> (0x00000000c45273a8) 
thrown [s\src\hotspot\share\prims\jni.cpp, line 537]
Event: 298.832 Thread 0x000001b99be67780 Exception <a 'sun/nio/fs/WindowsException'{0x00000000c4528650}> (0x00000000c4528650) 
thrown [s\src\hotspot\share\prims\jni.cpp, line 537]
Event: 298.869 Thread 0x000001b99be67780 Exception <a 'sun/nio/fs/WindowsException'{0x00000000c40ddad0}> (0x00000000c40ddad0) 
thrown [s\src\hotspot\share\prims\jni.cpp, line 537]
Event: 298.869 Thread 0x000001b99be67780 Exception <a 'sun/nio/fs/WindowsException'{0x00000000c40debd8}> (0x00000000c40debd8) 
thrown [s\src\hotspot\share\prims\jni.cpp, line 537]
Event: 298.894 Thread 0x000001b99be67e10 Exception <a 'sun/nio/fs/WindowsException'{0x00000000c3bbf358}> (0x00000000c3bbf358) 
thrown [s\src\hotspot\share\prims\jni.cpp, line 537]
Event: 298.894 Thread 0x000001b99be67e10 Exception <a 'sun/nio/fs/WindowsException'{0x00000000c3bc0460}> (0x00000000c3bc0460) 
thrown [s\src\hotspot\share\prims\jni.cpp, line 537]
Event: 298.933 Thread 0x000001b99be663d0 Exception <a 'sun/nio/fs/WindowsException'{0x00000000c387cd20}> (0x00000000c387cd20) 
thrown [s\src\hotspot\share\prims\jni.cpp, line 537]
Event: 298.936 Thread 0x000001b99be663d0 Exception <a 'sun/nio/fs/WindowsException'{0x00000000c368bb98}> (0x00000000c368bb98) 
thrown [s\src\hotspot\share\prims\jni.cpp, line 537]
Event: 298.947 Thread 0x000001b99be67780 Exception <a 'sun/nio/fs/WindowsException'{0x00000000c3b5ef60}> (0x00000000c3b5ef60) 
thrown [s\src\hotspot\share\prims\jni.cpp, line 537]
Event: 298.950 Thread 0x000001b99be67780 Exception <a 'sun/nio/fs/WindowsException'{0x00000000c3b63b18}> (0x00000000c3b63b18) 
thrown [s\src\hotspot\share\prims\jni.cpp, line 537]
Event: 298.958 Thread 0x000001b99be67780 Exception <a 'sun/nio/fs/WindowsException'{0x00000000c356d2f0}> (0x00000000c356d2f0) 
thrown [s\src\hotspot\share\prims\jni.cpp, line 537]
Event: 298.959 Thread 0x000001b99be67780 Exception <a 'sun/nio/fs/WindowsException'{0x00000000c356ec90}> (0x00000000c356ec90) 
thrown [s\src\hotspot\share\prims\jni.cpp, line 537]
Event: 298.963 Thread 0x000001b99be67780 Exception <a 'sun/nio/fs/WindowsException'{0x00000000c358ef08}> (0x00000000c358ef08) 
thrown [s\src\hotspot\share\prims\jni.cpp, line 537]
Event: 298.963 Thread 0x000001b99be67780 Exception <a 'sun/nio/fs/WindowsException'{0x00000000c358fd40}> (0x00000000c358fd40) 
thrown [s\src\hotspot\share\prims\jni.cpp, line 537]
Event: 298.963 Thread 0x000001b99be67780 Exception <a 'sun/nio/fs/WindowsException'{0x00000000c3590d88}> (0x00000000c3590d88) 
thrown [s\src\hotspot\share\prims\jni.cpp, line 537]
Event: 298.964 Thread 0x000001b99be67780 Exception <a 'sun/nio/fs/WindowsException'{0x00000000c3592030}> (0x00000000c3592030) 
thrown [s\src\hotspot\share\prims\jni.cpp, line 537]
Event: 298.971 Thread 0x000001b99be67e10 Exception <a 'sun/nio/fs/WindowsException'{0x00000000c35ad2e8}> (0x00000000c35ad2e8) 
thrown [s\src\hotspot\share\prims\jni.cpp, line 537]
Event: 298.977 Thread 0x000001b99be67e10 Exception <a 'sun/nio/fs/WindowsException'{0x00000000c342b310}> (0x00000000c342b310) 
thrown [s\src\hotspot\share\prims\jni.cpp, line 537]

ZGC Phase Switch (0 events):
No events

VM Operations (20 events):
Event: 297.371 Executing VM operation: G1PauseRemark done
Event: 297.435 Executing VM operation: G1PauseCleanup
Event: 297.435 Executing VM operation: G1PauseCleanup done
Event: 297.613 Executing VM operation: G1CollectForAllocation (G1 Evacuation Pause)
Event: 297.621 Executing VM operation: G1CollectForAllocation (G1 Evacuation Pause) done
Event: 297.860 Executing VM operation: G1CollectForAllocation (G1 Evacuation Pause)
Event: 297.869 Executing VM operation: G1CollectForAllocation (G1 Evacuation Pause) done
Event: 298.124 Executing VM operation: G1CollectForAllocation (G1 Evacuation Pause)
Event: 298.132 Executing VM operation: G1CollectForAllocation (G1 Evacuation Pause) done
Event: 298.262 Executing VM operation: G1CollectForAllocation (G1 Evacuation Pause)
Event: 298.270 Executing VM operation: G1CollectForAllocation (G1 Evacuation Pause) done
Event: 298.319 Executing VM operation: G1PauseRemark
Event: 298.329 Executing VM operation: G1PauseRemark done
Event: 298.401 Executing VM operation: G1PauseCleanup
Event: 298.402 Executing VM operation: G1PauseCleanup done
Event: 298.577 Executing VM operation: G1CollectForAllocation (G1 Evacuation Pause)
Event: 298.584 Executing VM operation: G1CollectForAllocation (G1 Evacuation Pause) done
Event: 298.970 Executing VM operation: G1CollectForAllocation (G1 Evacuation Pause)
Event: 298.970 Executing VM operation: G1CollectForAllocation (G1 Evacuation Pause) done
Event: 298.980 Executing VM operation: G1CollectForAllocation (GCLocker Initiated GC)

Memory protections (0 events):
No events

Nmethod flushes (20 events):
Event: 298.327 Thread 0x000001b995aa7e90 flushing  nmethod 0x000001b98ae1e310
Event: 298.327 Thread 0x000001b995aa7e90 flushing  nmethod 0x000001b98ae7ab10
Event: 298.327 Thread 0x000001b995aa7e90 flushing  nmethod 0x000001b9830b4810
Event: 298.327 Thread 0x000001b995aa7e90 flushing  nmethod 0x000001b9830df390
Event: 298.327 Thread 0x000001b995aa7e90 flushing  nmethod 0x000001b983119610
Event: 298.327 Thread 0x000001b995aa7e90 flushing  nmethod 0x000001b9831ac610
Event: 298.327 Thread 0x000001b995aa7e90 flushing  nmethod 0x000001b98320a490
Event: 298.327 Thread 0x000001b995aa7e90 flushing  nmethod 0x000001b9832c9e90
Event: 298.327 Thread 0x000001b995aa7e90 flushing  nmethod 0x000001b98343d610
Event: 298.327 Thread 0x000001b995aa7e90 flushing  nmethod 0x000001b98359db10
Event: 298.327 Thread 0x000001b995aa7e90 flushing  nmethod 0x000001b9835cb090
Event: 298.327 Thread 0x000001b995aa7e90 flushing  nmethod 0x000001b98377fd90
Event: 298.327 Thread 0x000001b995aa7e90 flushing  nmethod 0x000001b983803190
Event: 298.327 Thread 0x000001b995aa7e90 flushing  nmethod 0x000001b98393fc10
Event: 298.327 Thread 0x000001b995aa7e90 flushing  nmethod 0x000001b98393ff90
Event: 298.327 Thread 0x000001b995aa7e90 flushing  nmethod 0x000001b983968710
Event: 298.327 Thread 0x000001b995aa7e90 flushing  nmethod 0x000001b9839cf590
Event: 298.327 Thread 0x000001b995aa7e90 flushing  nmethod 0x000001b983a54d10
Event: 298.327 Thread 0x000001b995aa7e90 flushing  nmethod 0x000001b983c74510
Event: 298.327 Thread 0x000001b995aa7e90 flushing  nmethod 0x000001b983f16990

Events (20 events):
Event: 42.502 Thread 0x000001b99eb0c580 Thread exited: 0x000001b99eb0c580
Event: 43.530 Thread 0x000001b99b1bccf0 Thread added: 0x000001b99e8c5340
Event: 43.531 Thread 0x000001b99b1bccf0 Thread added: 0x000001b99e8c59d0
Event: 43.531 Thread 0x000001b99b1bccf0 Thread added: 0x000001b99e8c6d80
Event: 44.220 Thread 0x000001b99a048cc0 Thread added: 0x000001b99eb0ee60
Event: 44.991 Thread 0x000001b99eb0ee60 Thread exited: 0x000001b99eb0ee60
Event: 50.161 Thread 0x000001b99b1bccf0 Thread added: 0x000001b99be61ba0
Event: 50.162 Thread 0x000001b99b1bccf0 Thread added: 0x000001b99be670f0
Event: 50.163 Thread 0x000001b99b1bccf0 Thread added: 0x000001b99be62f50
Event: 51.167 Thread 0x000001b99b1bccf0 Thread added: 0x000001b99be61510
Event: 51.168 Thread 0x000001b99b1bccf0 Thread added: 0x000001b99be62230
Event: 51.168 Thread 0x000001b99b1bccf0 Thread added: 0x000001b99be635e0
Event: 57.338 Thread 0x000001b99a048cc0 Thread added: 0x000001b99eb0e790
Event: 58.621 Thread 0x000001b99eb0e790 Thread exited: 0x000001b99eb0e790
Event: 59.145 Thread 0x000001b99a0400a0 Thread added: 0x000001b99eb0c580
Event: 59.425 Thread 0x000001b99eb0c580 Thread exited: 0x000001b99eb0c580
Event: 296.050 Thread 0x000001b99b1bccf0 Thread added: 0x000001b99be67780
Event: 296.061 Thread 0x000001b99b1bccf0 Thread added: 0x000001b99be663d0
Event: 296.066 Thread 0x000001b99b1bccf0 Thread added: 0x000001b99be67e10
Event: 296.202 Thread 0x000001b99a048cc0 Thread added: 0x000001b99eb0c580


Dynamic libraries:
0x00007ff6cb450000 - 0x00007ff6cb45a000 	C:\Program Files\Android\Android Studio\jbr\bin\java.exe
0x00007fffe2db0000 - 0x00007fffe2fa8000 	C:\Windows\SYSTEM32\ntdll.dll
0x00007fffe1550000 - 0x00007fffe1612000 	C:\Windows\System32\KERNEL32.DLL
0x00007fffe0ad0000 - 0x00007fffe0dc6000 	C:\Windows\System32\KERNELBASE.dll
0x00007fffe09d0000 - 0x00007fffe0ad0000 	C:\Windows\System32\ucrtbase.dll
0x00007fffd0270000 - 0x00007fffd0288000 	C:\Program Files\Android\Android Studio\jbr\bin\jli.dll
0x00007fffe2b20000 - 0x00007fffe2cc1000 	C:\Windows\System32\USER32.dll
0x00007fffe05d0000 - 0x00007fffe05f2000 	C:\Windows\System32\win32u.dll
0x00007fffe0dd0000 - 0x00007fffe0dfb000 	C:\Windows\System32\GDI32.dll
0x00007fffe0630000 - 0x00007fffe0749000 	C:\Windows\System32\gdi32full.dll
0x00007fffe08b0000 - 0x00007fffe094d000 	C:\Windows\System32\msvcp_win.dll
0x00007fffdd4a0000 - 0x00007fffdd4bb000 	C:\Program Files\Android\Android Studio\jbr\bin\VCRUNTIME140.dll
0x00007fffd17d0000 - 0x00007fffd1a6b000 	C:\Windows\WinSxS\amd64_microsoft.windows.common-controls_6595b64144ccf1df_6.0.19041.6456_none_60b8a6cb71f64256\COMCTL32.dll
0x00007fffe17a0000 - 0x00007fffe183e000 	C:\Windows\System32\msvcrt.dll
0x00007fffe14c0000 - 0x00007fffe14ef000 	C:\Windows\System32\IMM32.DLL
0x00007fffdba40000 - 0x00007fffdba4c000 	C:\Program Files\Android\Android Studio\jbr\bin\vcruntime140_1.dll
0x00007fffb2720000 - 0x00007fffb27ad000 	C:\Program Files\Android\Android Studio\jbr\bin\msvcp140.dll
0x00007fffa5280000 - 0x00007fffa5f16000 	C:\Program Files\Android\Android Studio\jbr\bin\server\jvm.dll
0x00007fffe2110000 - 0x00007fffe21c1000 	C:\Windows\System32\ADVAPI32.dll
0x00007fffe2cd0000 - 0x00007fffe2d6f000 	C:\Windows\System32\sechost.dll
0x00007fffe1620000 - 0x00007fffe1740000 	C:\Windows\System32\RPCRT4.dll
0x00007fffe0600000 - 0x00007fffe0627000 	C:\Windows\System32\bcrypt.dll
0x00007fffe2010000 - 0x00007fffe207b000 	C:\Windows\System32\WS2_32.dll
0x00007fffe01f0000 - 0x00007fffe023b000 	C:\Windows\SYSTEM32\POWRPROF.dll
0x00007fffd8790000 - 0x00007fffd87b7000 	C:\Windows\SYSTEM32\WINMM.dll
0x00007fffda110000 - 0x00007fffda11a000 	C:\Windows\SYSTEM32\VERSION.dll
0x00007fffe01d0000 - 0x00007fffe01e2000 	C:\Windows\SYSTEM32\UMPDC.dll
0x00007fffde290000 - 0x00007fffde2a2000 	C:\Windows\SYSTEM32\kernel.appcore.dll
0x00007fffdb8c0000 - 0x00007fffdb8ca000 	C:\Program Files\Android\Android Studio\jbr\bin\jimage.dll
0x00007fffcdae0000 - 0x00007fffcdce1000 	C:\Windows\SYSTEM32\DBGHELP.DLL
0x00007fffce760000 - 0x00007fffce794000 	C:\Windows\SYSTEM32\dbgcore.DLL
0x00007fffe0440000 - 0x00007fffe04c2000 	C:\Windows\System32\bcryptPrimitives.dll
0x00007fffd0240000 - 0x00007fffd024e000 	C:\Program Files\Android\Android Studio\jbr\bin\instrument.dll
0x00007fffd8760000 - 0x00007fffd8780000 	C:\Program Files\Android\Android Studio\jbr\bin\java.dll
0x00007fffd0e90000 - 0x00007fffd0ea8000 	C:\Program Files\Android\Android Studio\jbr\bin\zip.dll
0x00007fffe1840000 - 0x00007fffe1fb0000 	C:\Windows\System32\SHELL32.dll
0x00007fffde490000 - 0x00007fffdec35000 	C:\Windows\SYSTEM32\windows.storage.dll
0x00007fffe0fd0000 - 0x00007fffe1324000 	C:\Windows\System32\combase.dll
0x00007fffdfdf0000 - 0x00007fffdfe1b000 	C:\Windows\SYSTEM32\Wldp.dll
0x00007fffe13f0000 - 0x00007fffe14bd000 	C:\Windows\System32\OLEAUT32.dll
0x00007fffe2a70000 - 0x00007fffe2b1d000 	C:\Windows\System32\SHCORE.dll
0x00007fffe1fb0000 - 0x00007fffe200b000 	C:\Windows\System32\shlwapi.dll
0x00007fffe0370000 - 0x00007fffe0394000 	C:\Windows\SYSTEM32\profapi.dll
0x00007fffd8c10000 - 0x00007fffd8c20000 	C:\Program Files\Android\Android Studio\jbr\bin\net.dll
0x00007fffd96d0000 - 0x00007fffd97da000 	C:\Windows\SYSTEM32\WINHTTP.dll
0x00007fffdfaf0000 - 0x00007fffdfb5a000 	C:\Windows\system32\mswsock.dll
0x00007fffd0e60000 - 0x00007fffd0e76000 	C:\Program Files\Android\Android Studio\jbr\bin\nio.dll
0x00007fffd09a0000 - 0x00007fffd09b0000 	C:\Program Files\Android\Android Studio\jbr\bin\verify.dll
0x00007fffc46a0000 - 0x00007fffc46c7000 	C:\Users\Mohamed Hassan\.gradle\native\660c5614fbf4a5f2a75b1949f50a0caf5cd603558e7d8a26e50b933a0cfb79d1\windows-amd64\native-platform.dll
0x00007fffb04f0000 - 0x00007fffb0567000 	C:\Users\Mohamed Hassan\.gradle\native\0.2.8\x86_64-windows-gnu\gradle-fileevents.dll
0x00007fffd0e40000 - 0x00007fffd0e49000 	C:\Program Files\Android\Android Studio\jbr\bin\management.dll
0x00007fffd0cd0000 - 0x00007fffd0cdb000 	C:\Program Files\Android\Android Studio\jbr\bin\management_ext.dll
0x00007fffe1330000 - 0x00007fffe1338000 	C:\Windows\System32\PSAPI.DLL
0x00007fffdf7d0000 - 0x00007fffdf80b000 	C:\Windows\SYSTEM32\IPHLPAPI.DLL
0x00007fffe21d0000 - 0x00007fffe21d8000 	C:\Windows\System32\NSI.dll
0x00007fffd0e50000 - 0x00007fffd0e59000 	C:\Program Files\Android\Android Studio\jbr\bin\extnet.dll
0x00007fffdfce0000 - 0x00007fffdfcf8000 	C:\Windows\SYSTEM32\CRYPTSP.dll
0x00007fffdf410000 - 0x00007fffdf448000 	C:\Windows\system32\rsaenh.dll
0x00007fffe0330000 - 0x00007fffe035e000 	C:\Windows\SYSTEM32\USERENV.dll
0x00007fffe0190000 - 0x00007fffe019c000 	C:\Windows\SYSTEM32\CRYPTBASE.dll
0x00007fffd8750000 - 0x00007fffd8757000 	C:\Windows\system32\wshunix.dll
0x00007fffdf810000 - 0x00007fffdf8da000 	C:\Windows\SYSTEM32\DNSAPI.dll
0x00007fffd2440000 - 0x00007fffd244a000 	C:\Windows\System32\rasadhlp.dll
0x00007fffd29b0000 - 0x00007fffd2a30000 	C:\Windows\System32\fwpuclnt.dll

JVMTI agents:
C:\Users\Mohamed Hassan\.gradle\wrapper\dists\gradle-9.3.1-bin\23ovyewtku6u96viwx3xl3oks\gradle-9.3.1\lib\agents\gradle-instrumentation-agent-9.3.1.jar path:C:\Program Files\Android\Android Studio\jbr\bin\instrument.dll, loaded, initialized, instrumentlib options:none

dbghelp: loaded successfully - version: 4.0.5 - missing functions: none
symbol engine: initialized successfully - sym options: 0x614 - pdb path: .;C:\Program Files\Android\Android Studio\jbr\bin;C:\Windows\SYSTEM32;C:\Windows\WinSxS\amd64_microsoft.windows.common-controls_6595b64144ccf1df_6.0.19041.6456_none_60b8a6cb71f64256;C:\Program Files\Android\Android Studio\jbr\bin\server;C:\Users\Mohamed Hassan\.gradle\native\660c5614fbf4a5f2a75b1949f50a0caf5cd603558e7d8a26e50b933a0cfb79d1\windows-amd64;C:\Users\Mohamed Hassan\.gradle\native\0.2.8\x86_64-windows-gnu

VM Arguments:
jvm_args: --add-opens=java.base/java.lang=ALL-UNNAMED --add-opens=java.base/java.lang.invoke=ALL-UNNAMED --add-opens=java.base/java.util=ALL-UNNAMED --add-opens=java.prefs/java.util.prefs=ALL-UNNAMED --add-exports=jdk.compiler/com.sun.tools.javac.api=ALL-UNNAMED --add-exports=jdk.compiler/com.sun.tools.javac.util=ALL-UNNAMED --add-opens=java.base/java.util=ALL-UNNAMED --add-opens=java.prefs/java.util.prefs=ALL-UNNAMED --add-opens=java.base/java.nio.charset=ALL-UNNAMED --add-opens=java.base/java.net=ALL-UNNAMED --add-opens=java.base/java.util.concurrent=ALL-UNNAMED --add-opens=java.base/java.util.concurrent.atomic=ALL-UNNAMED --add-opens=java.xml/javax.xml.namespace=ALL-UNNAMED --add-opens=java.base/java.time=ALL-UNNAMED -XX:MaxMetaspaceSize=256m -Xmx1024m -Dfile.encoding=UTF-8 -Duser.country=US -Duser.language=en -Duser.variant -javaagent:C:\Users\Mohamed Hassan\.gradle\wrapper\dists\gradle-9.3.1-bin\23ovyewtku6u96viwx3xl3oks\gradle-9.3.1\lib\agents\gradle-instrumentation-agent-9.3.1.jar 
java_command: org.gradle.launcher.daemon.bootstrap.GradleDaemon 9.3.1
java_class_path (initial): C:\Users\Mohamed Hassan\.gradle\wrapper\dists\gradle-9.3.1-bin\23ovyewtku6u96viwx3xl3oks\gradle-9.3.1\lib\gradle-daemon-main-9.3.1.jar
Launcher Type: SUN_STANDARD

[Global flags]
     intx CICompilerCount                          = 3                                         {product} {ergonomic}
   size_t CompressedClassSpaceSize                 = 218103808                                 {product} {ergonomic}
     uint ConcGCThreads                            = 1                                         {product} {ergonomic}
     uint G1ConcRefinementThreads                  = 4                                         {product} {ergonomic}
   size_t G1HeapRegionSize                         = 1048576                                   {product} {ergonomic}
    uintx GCDrainStackTargetSize                   = 64                                        {product} {ergonomic}
   size_t InitialHeapSize                          = 184549376                                 {product} {ergonomic}
   size_t MarkStackSize                            = 4194304                                   {product} {ergonomic}
   size_t MaxHeapSize                              = 1073741824                                {product} {command line}
   size_t MaxMetaspaceSize                         = 268435456                                 {product} {command line}
   size_t MaxNewSize                               = 643825664                                 {product} {ergonomic}
   size_t MinHeapDeltaBytes                        = 1048576                                   {product} {ergonomic}
   size_t MinHeapSize                              = 8388608                                   {product} {ergonomic}
    uintx NonNMethodCodeHeapSize                   = 5832780                                {pd product} {ergonomic}
    uintx NonProfiledCodeHeapSize                  = 122912730                              {pd product} {ergonomic}
    uintx ProfiledCodeHeapSize                     = 122912730                              {pd product} {ergonomic}
    uintx ReservedCodeCacheSize                    = 251658240                              {pd product} {ergonomic}
     bool SegmentedCodeCache                       = true                                      {product} {ergonomic}
   size_t SoftMaxHeapSize                          = 1073741824                             {manageable} {ergonomic}
     bool UseCompressedOops                        = true                           {product lp64_product} {ergonomic}
     bool UseG1GC                                  = true                                      {product} {ergonomic}
     bool UseLargePagesIndividualAllocation        = false                                  {pd product} {ergonomic}

Logging:
Log output configuration:
 #0: stdout all=warning uptime,level,tags foldmultilines=false
 #1: stderr all=off uptime,level,tags foldmultilines=false

Release file:
JAVA_VERSION="21.0.9" 
MODULES="java.base java.compiler java.datatransfer java.xml java.prefs java.desktop java.instrument java.logging java.management java.security.sasl java.naming java.rmi java.management.rmi java.net.http java.scripting java.security.jgss java.transaction.xa java.sql java.sql.rowset java.xml.crypto java.se java.smartcardio jdk.accessibility jdk.internal.jvmstat jdk.attach jdk.charsets jdk.internal.opt jdk.zipfs jdk.compiler jdk.crypto.ec jdk.crypto.cryptoki jdk.dynalink jdk.hotspot.agent jdk.httpserver jdk.internal.ed jdk.internal.le jdk.internal.vm.ci jdk.jartool jdk.javadoc jdk.jcmd jdk.jdeps jdk.jdwp.agent jdk.jdi jdk.jfr jdk.jlink jdk.jsobject jdk.localedata jdk.management jdk.management.agent jdk.management.jfr jdk.naming.dns jdk.naming.rmi jdk.net jdk.sctp jdk.security.auth jdk.security.jgss jdk.unsupported jdk.unsupported.desktop jdk.xml.dom" 
IMPLEMENTOR="JetBrains s.r.o." 
JAVA_RUNTIME_VERSION="21.0.9+-14787801-b1163.94" 
LIBC="default" 
OS_ARCH="x86_64" 
OS_NAME="Windows" 
SOURCE=".:git:0c757ddc9f2f" 

Environment Variables:
JAVA_HOME=C:\Program Files\Android\Android Studio\jbr
PATH=C:\Windows\system32;C:\Windows;C:\Windows\System32\Wbem;C:\Windows\System32\WindowsPowerShell\v1.0\;C:\Windows\System32\OpenSSH\;C:\Windows\System32\cmd.exe;C:\src\flutter;C:\src\flutter\bin;C:\Program Files\nodejs\;C:\Users\Mohamed Hassan\AppData\Local\Android\Sdk\platform-tools;C:\Program Files\Git;C:\Program Files\Git\bin;C:\Program Files\Android\Android Studio\jbr;C:\Program Files\Android\Android Studio\jbr\bin;C:\Program Files\MongoDB\Server\8.2\bin;C:\Users\Mohamed Hassan\AppData\Local\Microsoft\WindowsApps;C:\Users\Mohamed Hassan\AppData\Local\Programs\Antigravity\bin;C:\Windows\System32\cmd.exe;C:\src\flutter;C:\src\flutter\bin;C:\Users\Mohamed Hassan\AppData\Roaming\npm;C:\Users\Mohamed Hassan\AppData\Local\Programs\Microsoft VS Code\bin;C:\Users\Mohamed Hassan\AppData\Local\Android\Sdk\platform-tools;C:\Program Files\Git;C:\Program Files\Git\bin;C:\Program Files\Android\Android Studio\jbr;C:\Program Files\Android\Android Studio\jbr\bin;C:\Program Files\MongoDB\Server\8.2\bin;C:\Program Files\JetBrains\IntelliJ IDEA Community Edition 2024.2\bin;;C:\Users\Mohamed Hassan\AppData\Local\Programs\Kiro\bin;C:\Users\Mohamed Hassan\.local\bin;
USERNAME=Mohamed Hassan
OS=Windows_NT
PROCESSOR_IDENTIFIER=AMD64 Family 21 Model 96 Stepping 1, AuthenticAMD
TMP=C:\Users\MOHAME~1\AppData\Local\Temp
TEMP=C:\Users\MOHAME~1\AppData\Local\Temp




Periodic native trim disabled

JNI global refs:
JNI global refs: 29, weak refs: 6

JNI global refs memory usage: 835, weak refs: 833

Process memory usage:
Resident Set Size: 347840K (3% of 11446644K total physical memory with 1701484K free physical memory)

OOME stack traces (most recent first):
Classloader memory used:
Loader org.gradle.internal.classloader.VisitableURLClassLoader                         : 39612K
Loader bootstrap                                                                       : 29887K
Loader org.gradle.initialization.MixInLegacyTypesClassLoader                           : 11452K
Loader jdk.internal.loader.ClassLoaders$PlatformClassLoader                            : 418K
Loader jdk.internal.loader.ClassLoaders$AppClassLoader                                 : 229K
Loader jdk.internal.reflect.DelegatingClassLoader                                      : 158K
Loader org.gradle.internal.classloader.VisitableURLClassLoader                         : 136K
Loader org.gradle.groovy.scripts.internal.DefaultScriptCompilationHandler$ScriptClassLoader: 105K
Loader org.gradle.internal.classloader.VisitableURLClassLoader$InstrumentingVisitableURLClassLoader: 62424B

Classes loaded by more than one classloader:
Class Program                                                                         : loaded 3 times (x 72B)
Class org.gradle.internal.classloader.ClassLoaderHierarchy                            : loaded 2 times (x 70B)
Class org.gradle.api.internal.classpath.ManifestUtil                                  : loaded 2 times (x 71B)
Class org.gradle.internal.classloader.DefaultClassLoaderFactory                       : loaded 2 times (x 82B)
Class org.gradle.internal.classloader.ClassLoaderVisitor                              : loaded 2 times (x 76B)
Class ijKotlinCoroutineJvmDebugInit1_426kizrf7009m8hyq9irezxoa$_run_closure1$_closure2: loaded 2 times (x 139B)
Class org.gradle.api.internal.classpath.EffectiveClassPath                            : loaded 2 times (x 90B)
Class org.gradle.api.internal.DefaultClassPathProvider                                : loaded 2 times (x 76B)
Class [Lorg.gradle.api.internal.ClassPathProvider;                                    : loaded 2 times (x 69B)
Class org.gradle.api.internal.ClassPathProvider                                       : loaded 2 times (x 70B)
Class org.gradle.internal.service.UnknownServiceException                             : loaded 2 times (x 83B)
Class org.gradle.internal.classpath.TransformedClassPath                              : loaded 2 times (x 96B)
Class org.gradle.internal.classloader.InstrumentingClassLoader                        : loaded 2 times (x 70B)
Class org.gradle.internal.service.ServiceLocator                                      : loaded 2 times (x 70B)
Class org.gradle.internal.classloader.ClasspathUtil$1                                 : loaded 2 times (x 76B)
Class org.gradle.api.internal.classpath.DefaultModuleRegistry$DefaultModule           : loaded 2 times (x 86B)
Class org.gradle.api.internal.classpath.Module                                        : loaded 2 times (x 70B)
Class org.gradle.api.internal.classpath.UnknownModuleException                        : loaded 2 times (x 82B)
Class org.gradle.api.internal.DefaultClassPathRegistry                                : loaded 2 times (x 76B)
Class org.gradle.api.internal.ClassPathRegistry                                       : loaded 2 times (x 70B)
Class org.gradle.internal.classpath.DefaultClassPath$ImmutableUniqueList              : loaded 2 times (x 199B)
Class org.gradle.internal.classloader.FilteringClassLoader                            : loaded 2 times (x 105B)
Class Settings_gradle$1                                                               : loaded 2 times (x 74B)
Class org.gradle.internal.classpath.ClassPath                                         : loaded 2 times (x 70B)
Class org.gradle.api.internal.classpath.ModuleRegistry                                : loaded 2 times (x 70B)
Class org.gradle.internal.installation.GradleInstallation$1                           : loaded 2 times (x 75B)
Class org.gradle.api.internal.classpath.DefaultModuleRegistry                         : loaded 2 times (x 86B)
Class org.gradle.internal.service.ServiceLookupException                              : loaded 2 times (x 82B)
Class org.gradle.internal.classloader.ClassLoaderFactory                              : loaded 2 times (x 70B)
Class org.gradle.internal.service.CachingServiceLocator                               : loaded 2 times (x 82B)
Class ijJvmDebugger1_7y5cmmahrwhcfuum1lkdzkcz2$_run_closure1                          : loaded 2 times (x 139B)
Class org.gradle.internal.classloader.ClasspathUtil                                   : loaded 2 times (x 71B)
Class org.gradle.api.specs.Spec                                                       : loaded 2 times (x 70B)
Class org.gradle.internal.classloader.VisitableURLClassLoader$InstrumentingVisitableURLClassLoader: loaded 2 times (x 123B)
Class org.gradle.internal.classloader.VisitableURLClassLoader$Spec                    : loaded 2 times (x 74B)
Class org.gradle.internal.classpath.DefaultClassPath                                  : loaded 2 times (x 90B)
Class org.gradle.internal.classloader.ClassLoaderSpec                                 : loaded 2 times (x 71B)
Class ijKotlinCoroutineJvmDebugInit1_426kizrf7009m8hyq9irezxoa                        : loaded 2 times (x 171B)
Class ijJvmDebugger1_7y5cmmahrwhcfuum1lkdzkcz2$_run_closure1$_closure2                : loaded 2 times (x 140B)
Class Settings_gradle$1$1                                                             : loaded 2 times (x 74B)
Class org.gradle.internal.classloader.VisitableURLClassLoader                         : loaded 2 times (x 117B)
Class Settings_gradle                                                                 : loaded 2 times (x 124B)
Class org.gradle.internal.Cast                                                        : loaded 2 times (x 71B)
Class org.gradle.api.Action                                                           : loaded 2 times (x 70B)
Class org.gradle.internal.classpath.DefaultClassPath$ImmutableUniqueList$Builder      : loaded 2 times (x 75B)
Class org.gradle.api.GradleException                                                  : loaded 2 times (x 82B)
Class org.gradle.internal.IoActions                                                   : loaded 2 times (x 71B)
Class org.gradle.internal.classloader.SystemClassLoaderSpec                           : loaded 2 times (x 71B)
Class ijJvmDebugger1_7y5cmmahrwhcfuum1lkdzkcz2                                        : loaded 2 times (x 171B)
Class ijKotlinCoroutineJvmDebugInit1_426kizrf7009m8hyq9irezxoa$_run_closure1          : loaded 2 times (x 139B)
Class org.gradle.api.internal.classpath.GlobalCacheRootsProvider                      : loaded 2 times (x 70B)
Class org.gradle.internal.installation.CurrentGradleInstallationLocator               : loaded 2 times (x 71B)
Class org.gradle.internal.service.DefaultServiceLocator                               : loaded 2 times (x 83B)
Class org.gradle.internal.installation.CurrentGradleInstallation                      : loaded 2 times (x 73B)
Class org.gradle.util.internal.GUtil                                                  : loaded 2 times (x 71B)
Class org.gradle.internal.installation.GradleInstallation                             : loaded 2 times (x 75B)

---------------  S Y S T E M  ---------------

OS:
 Windows 10 , 64 bit Build 19041 (10.0.19041.5915)
OS uptime: 1 days 4:10 hours

CPU: total 4 (initial active 4) (4 cores per cpu, 1 threads per core) family 21 model 96 stepping 1 microcode 0x0, cx8, cmov, fxsr, mmx, 3dnowpref, sse, sse2, sse3, ssse3, sse4a, sse4.1, sse4.2, popcnt, lzcnt, tsc, tscinvbit, avx, avx2, aes, clmul, bmi1, bmi2, fma, vzeroupper, clflush, rdtscp, f16c
Processor Information for the first 4 processors :
  Max Mhz: 1800, Current Mhz: 1800, Mhz Limit: 1800

Memory: 4k page, system-wide physical 11178M (1661M free)
TotalPageFile size 13226M (AvailPageFile size 17M)
current process WorkingSet (physical memory assigned to process): 339M, peak: 342M
current process commit charge ("private bytes"): 365M, peak: 378M

vm_info: OpenJDK 64-Bit Server VM (21.0.9+-14787801-b1163.94) for windows-amd64 JRE (21.0.9+-14787801-b1163.94), built on 2026-01-27T21:15:44Z by "builder" with MS VC++ 16.10 / 16.11 (VS2019)

END.
