#
# There is insufficient memory for the Java Runtime Environment to continue.
# Native memory allocation (mmap) failed to map 184549376 bytes. Error detail: G1 virtual space
# Possible reasons:
#   The system is out of physical RAM or swap space
#   This process is running with CompressedOops enabled, and the Java Heap may be blocking the growth of the native heap
# Possible solutions:
#   Reduce memory load on the system
#   Increase physical memory or swap space
#   Check if swap backing store is full
#   Decrease Java heap size (-Xmx/-Xms)
#   Decrease number of Java threads
#   Decrease Java thread stack sizes (-Xss)
#   Set larger code cache with -XX:ReservedCodeCacheSize=
#   JVM is running with Zero Based Compressed Oops mode in which the Java heap is
#     placed in the first 32GB address space. The Java Heap base address is the
#     maximum limit for the native heap growth. Please use -XX:HeapBaseMinAddress
#     to set the Java Heap base and to place the Java Heap above 32GB virtual address.
# This output file may be truncated or incomplete.
#
#  Out of Memory Error (os_windows.cpp:3925), pid=13760, tid=8608
#
# JRE version:  (21.0.9) (build )
# Java VM: OpenJDK 64-Bit Server VM (21.0.9+-14787801-b1163.94, mixed mode, sharing, tiered, compressed oops, compressed class ptrs, g1 gc, windows-amd64)
# No core dump will be written. Minidumps are not enabled by default on client versions of Windows
#

---------------  S U M M A R Y ------------

Command Line: org.jetbrains.kotlin.cli.jvm.K2JVMCompiler @D:\find\app\build\20260425_8692324705631298853.compiler.options

Host: AMD PRO A10-8700B R6, 10 Compute Cores 4C+6G   , 4 cores, 10G,  Windows 10 , 64 bit Build 19041 (10.0.19041.5915)
Time: Sat Apr 25 16:57:34 2026 Egypt Daylight Time elapsed time: 0.113829 seconds (0d 0h 0m 0s)

---------------  T H R E A D  ---------------

Current thread (0x000002821cf5d360):  JavaThread "Unknown thread" [_thread_in_vm, id=8608, stack(0x000000c993c00000,0x000000c993d00000) (1024K)]

Stack: [0x000000c993c00000,0x000000c993d00000]
Native frames: (J=compiled Java code, j=interpreted, Vv=VM code, C=native code)
V  [jvm.dll+0x6d6c99]
V  [jvm.dll+0x866b83]
V  [jvm.dll+0x8691ae]
V  [jvm.dll+0x869893]
V  [jvm.dll+0x280776]
V  [jvm.dll+0x6d3555]
V  [jvm.dll+0x6c6bea]
V  [jvm.dll+0x3587fb]
V  [jvm.dll+0x360476]
V  [jvm.dll+0x3b2646]
V  [jvm.dll+0x3b2918]
V  [jvm.dll+0x32af0c]
V  [jvm.dll+0x32bbfb]
V  [jvm.dll+0x82e839]
V  [jvm.dll+0x3bf818]
V  [jvm.dll+0x8179d8]
V  [jvm.dll+0x453cbe]
V  [jvm.dll+0x455421]
C  [jli.dll+0x52ab]
C  [ucrtbase.dll+0x21bb2]
C  [KERNEL32.DLL+0x17374]
C  [ntdll.dll+0x4cc91]


---------------  P R O C E S S  ---------------

Threads class SMR info:
_java_thread_list=0x00007ff8084bb988, length=0, elements={
}

Java Threads: ( => current thread )
Total: 0

Other Threads:
  0x000002821cfaa9d0 WorkerThread "GC Thread#0"                     [id=10636, stack(0x000000c993d00000,0x000000c993e00000) (1024K)]
  0x000002821cfb7080 ConcurrentGCThread "G1 Main Marker"            [id=7192, stack(0x000000c993e00000,0x000000c993f00000) (1024K)]
  0x000002821cfb7b80 WorkerThread "G1 Conc#0"                       [id=6268, stack(0x000000c993f00000,0x000000c994000000) (1024K)]

[error occurred during error reporting (printing all threads), id 0xc0000005, EXCEPTION_ACCESS_VIOLATION (0xc0000005) at pc=0x00007ff807cadee7]
VM state: not at safepoint (not fully initialized)

VM Mutex/Monitor currently owned by a thread:  ([mutex/lock_event])
[0x00007ff808528790] Heap_lock - owner thread: 0x000002821cf5d360

Heap address: 0x0000000751400000, size: 2796 MB, Compressed Oops mode: Zero based, Oop shift amount: 3

CDS archive(s) mapped at: [0x0000000000000000-0x0000000000000000-0x0000000000000000), size 0, SharedBaseAddress: 0x0000000800000000, ArchiveRelocationMode: 1.
Narrow klass base: 0x0000000000000000, Narrow klass shift: 0, Narrow klass range: 0x0

GC Precious Log:
 CardTable entry size: 512
 Card Set container configuration: InlinePtr #cards 4 size 8 Array Of Cards #cards 16 size 48 Howl #buckets 8 coarsen threshold 3686 Howl Bitmap #cards 512 size 80 coarsen threshold 460 Card regions per heap region 1 cards per card region 4096

Heap:
 garbage-first heap   total 0K, used 0K [0x0000000751400000, 0x0000000800000000)
  region size 2048K, 0 young (0K), 0 survivors (0K)
 Metaspace       used 0K, committed 0K, reserved 0K
  class space    used 0K, committed 0K, reserved 0K

Heap Regions: E=young(eden), S=young(survivor), O=old, HS=humongous(starts), HC=humongous(continues), CS=collection set, F=free, TAMS=top-at-mark-start, PB=parsable bottom

Card table byte_map: [0x000002822f650000,0x000002822fbd0000] _byte_map_base: 0x000002822bbc6000

Marking Bits: (CMBitMap*) 0x000002821cfab0d0
 Bits: [0x000002822fbd0000, 0x0000028232780000)

GC Heap History (0 events):
No events

Dll operation events (1 events):
Event: 0.044 Loaded shared library C:\Program Files\Android\Android Studio\jbr\bin\java.dll

Deoptimization events (0 events):
No events

Classes loaded (0 events):
No events

Classes unloaded (0 events):
No events

Classes redefined (0 events):
No events

Internal exceptions (0 events):
No events

ZGC Phase Switch (0 events):
No events

VM Operations (0 events):
No events

Memory protections (0 events):
No events

Nmethod flushes (0 events):
No events

Events (0 events):
No events


Dynamic libraries:
0x00007ff69c7a0000 - 0x00007ff69c7aa000 	C:\Program Files\Android\Android Studio\jbr\bin\java.exe
0x00007ff8357b0000 - 0x00007ff8359a8000 	C:\Windows\SYSTEM32\ntdll.dll
0x00007ff833900000 - 0x00007ff8339c2000 	C:\Windows\System32\KERNEL32.DLL
0x00007ff8330e0000 - 0x00007ff8333d6000 	C:\Windows\System32\KERNELBASE.dll
0x00007ff832ef0000 - 0x00007ff832ff0000 	C:\Windows\System32\ucrtbase.dll
0x00007ff8263b0000 - 0x00007ff8263c8000 	C:\Program Files\Android\Android Studio\jbr\bin\jli.dll
0x00007ff834850000 - 0x00007ff8349f1000 	C:\Windows\System32\USER32.dll
0x00007ff8336e0000 - 0x00007ff833702000 	C:\Windows\System32\win32u.dll
0x00007ff835740000 - 0x00007ff83576b000 	C:\Windows\System32\GDI32.dll
0x00007ff8335c0000 - 0x00007ff8336d9000 	C:\Windows\System32\gdi32full.dll
0x00007ff832ff0000 - 0x00007ff83308d000 	C:\Windows\System32\msvcp_win.dll
0x00007ff82b150000 - 0x00007ff82b16b000 	C:\Program Files\Android\Android Studio\jbr\bin\VCRUNTIME140.dll
0x00007ff8321e0000 - 0x00007ff83247b000 	C:\Windows\WinSxS\amd64_microsoft.windows.common-controls_6595b64144ccf1df_6.0.19041.6456_none_60b8a6cb71f64256\COMCTL32.dll
0x00007ff8346a0000 - 0x00007ff83473e000 	C:\Windows\System32\msvcrt.dll
0x00007ff8343f0000 - 0x00007ff83441f000 	C:\Windows\System32\IMM32.DLL
0x00007ff82b170000 - 0x00007ff82b17c000 	C:\Program Files\Android\Android Studio\jbr\bin\vcruntime140_1.dll
0x00007ff815dd0000 - 0x00007ff815e5d000 	C:\Program Files\Android\Android Studio\jbr\bin\msvcp140.dll
0x00007ff807970000 - 0x00007ff808606000 	C:\Program Files\Android\Android Studio\jbr\bin\server\jvm.dll
0x00007ff833fa0000 - 0x00007ff834051000 	C:\Windows\System32\ADVAPI32.dll
0x00007ff8347b0000 - 0x00007ff83484f000 	C:\Windows\System32\sechost.dll
0x00007ff834490000 - 0x00007ff8345b0000 	C:\Windows\System32\RPCRT4.dll
0x00007ff833710000 - 0x00007ff833737000 	C:\Windows\System32\bcrypt.dll
0x00007ff834740000 - 0x00007ff8347ab000 	C:\Windows\System32\WS2_32.dll
0x00007ff832bf0000 - 0x00007ff832c3b000 	C:\Windows\SYSTEM32\POWRPROF.dll
0x00007ff82b1a0000 - 0x00007ff82b1c7000 	C:\Windows\SYSTEM32\WINMM.dll
0x00007ff82b080000 - 0x00007ff82b08a000 	C:\Windows\SYSTEM32\VERSION.dll
0x00007ff832bd0000 - 0x00007ff832be2000 	C:\Windows\SYSTEM32\UMPDC.dll
0x00007ff8305f0000 - 0x00007ff830602000 	C:\Windows\SYSTEM32\kernel.appcore.dll
0x00007ff82b140000 - 0x00007ff82b14a000 	C:\Program Files\Android\Android Studio\jbr\bin\jimage.dll
0x00007ff832800000 - 0x00007ff832a01000 	C:\Windows\SYSTEM32\DBGHELP.DLL
0x00007ff832590000 - 0x00007ff8325c4000 	C:\Windows\SYSTEM32\dbgcore.DLL
0x00007ff833740000 - 0x00007ff8337c2000 	C:\Windows\System32\bcryptPrimitives.dll
0x00007ff82b060000 - 0x00007ff82b080000 	C:\Program Files\Android\Android Studio\jbr\bin\java.dll

JVMTI agents: none

dbghelp: loaded successfully - version: 4.0.5 - missing functions: none
symbol engine: initialized successfully - sym options: 0x614 - pdb path: .;C:\Program Files\Android\Android Studio\jbr\bin;C:\Windows\SYSTEM32;C:\Windows\WinSxS\amd64_microsoft.windows.common-controls_6595b64144ccf1df_6.0.19041.6456_none_60b8a6cb71f64256;C:\Program Files\Android\Android Studio\jbr\bin\server

VM Arguments:
java_command: org.jetbrains.kotlin.cli.jvm.K2JVMCompiler @D:\find\app\build\20260425_8692324705631298853.compiler.options
java_class_path (initial): C:\Users\Mohamed Hassan\.gradle\caches\modules-2\files-2.1\org.jetbrains.kotlin\kotlin-compiler-embeddable\2.2.10\6882d39ef03b18879c1a5d2a83c2212361bed5fe\kotlin-compiler-embeddable-2.2.10.jar;C:\Users\Mohamed Hassan\.gradle\caches\modules-2\files-2.1\org.jetbrains.kotlin\kotlin-stdlib\2.2.10\30de6faa127a4a012db8e71bf1b9c0a99b1402b2\kotlin-stdlib-2.2.10.jar;C:\Users\Mohamed Hassan\.gradle\caches\modules-2\files-2.1\org.jetbrains.kotlin\kotlin-script-runtime\2.2.10\712f9bc08f378c13a4a00f0bbb28c76e59183e83\kotlin-script-runtime-2.2.10.jar;C:\Users\Mohamed Hassan\.gradle\caches\modules-2\files-2.1\org.jetbrains.kotlin\kotlin-reflect\1.6.10\1cbe9c92c12a94eea200d23c2bbaedaf3daf5132\kotlin-reflect-1.6.10.jar;C:\Users\Mohamed Hassan\.gradle\caches\modules-2\files-2.1\org.jetbrains.kotlin\kotlin-daemon-embeddable\2.2.10\212fd3c2c6e4e5d0f4db3c4191233e2b622380cc\kotlin-daemon-embeddable-2.2.10.jar;C:\Users\Mohamed Hassan\.gradle\caches\modules-2\files-2.1\org.jetbrains.kotlinx\kotlinx-coroutines-core-jvm\1.8.0\ac1dc37a30a93150b704022f8d895ee1bd3a36b3\kotlinx-coroutines-core-jvm-1.8.0.jar;C:\Users\Mohamed Hassan\.gradle\caches\modules-2\files-2.1\org.jetbrains\annotations\13.0\919f0dfe192fb4e063e7dacadee7f8bb9a2672a9\annotations-13.0.jar
Launcher Type: SUN_STANDARD

[Global flags]
     intx CICompilerCount                          = 3                                         {product} {ergonomic}
     uint ConcGCThreads                            = 1                                         {product} {ergonomic}
     uint G1ConcRefinementThreads                  = 4                                         {product} {ergonomic}
   size_t G1HeapRegionSize                         = 2097152                                   {product} {ergonomic}
    uintx GCDrainStackTargetSize                   = 64                                        {product} {ergonomic}
   size_t InitialHeapSize                          = 184549376                                 {product} {ergonomic}
   size_t MarkStackSize                            = 4194304                                   {product} {ergonomic}
   size_t MaxHeapSize                              = 2931818496                                {product} {ergonomic}
   size_t MinHeapDeltaBytes                        = 2097152                                   {product} {ergonomic}
   size_t MinHeapSize                              = 8388608                                   {product} {ergonomic}
    uintx NonNMethodCodeHeapSize                   = 5832780                                {pd product} {ergonomic}
    uintx NonProfiledCodeHeapSize                  = 122912730                              {pd product} {ergonomic}
    uintx ProfiledCodeHeapSize                     = 122912730                              {pd product} {ergonomic}
    uintx ReservedCodeCacheSize                    = 251658240                              {pd product} {ergonomic}
     bool SegmentedCodeCache                       = true                                      {product} {ergonomic}
   size_t SoftMaxHeapSize                          = 2931818496                             {manageable} {ergonomic}
     bool UseCompressedOops                        = true                           {product lp64_product} {ergonomic}
     bool UseG1GC                                  = true                                      {product} {ergonomic}
     bool UseLargePagesIndividualAllocation        = false                                  {pd product} {ergonomic}

Logging:
Log output configuration:
 #0: stdout all=warning uptime,level,tags foldmultilines=false
 #1: stderr all=off uptime,level,tags foldmultilines=false

Release file:
<release file has not been read>
Environment Variables:
JAVA_HOME=C:\Program Files\Android\Android Studio\jbr
PATH=C:\Windows\system32;C:\Windows;C:\Windows\System32\Wbem;C:\Windows\System32\WindowsPowerShell\v1.0\;C:\Windows\System32\OpenSSH\;C:\Windows\System32\cmd.exe;C:\src\flutter;C:\src\flutter\bin;C:\Program Files\nodejs\;C:\Users\Mohamed Hassan\AppData\Local\Android\Sdk\platform-tools;C:\Program Files\Git;C:\Program Files\Git\bin;C:\Program Files\Android\Android Studio\jbr;C:\Program Files\Android\Android Studio\jbr\bin;C:\Program Files\MongoDB\Server\8.2\bin;C:\Users\Mohamed Hassan\AppData\Local\Microsoft\WindowsApps;C:\Users\Mohamed Hassan\AppData\Local\Programs\Antigravity\bin;C:\Windows\System32\cmd.exe;C:\src\flutter;C:\src\flutter\bin;C:\Users\Mohamed Hassan\AppData\Roaming\npm;C:\Users\Mohamed Hassan\AppData\Local\Programs\Microsoft VS Code\bin;C:\Users\Mohamed Hassan\AppData\Local\Android\Sdk\platform-tools;C:\Program Files\Git;C:\Program Files\Git\bin;C:\Program Files\Android\Android Studio\jbr;C:\Program Files\Android\Android Studio\jbr\bin;C:\Program Files\MongoDB\Server\8.2\bin;C:\Program Files\JetBrains\IntelliJ IDEA Community Edition 2024.2\bin;;C:\Users\Mohamed Hassan\AppData\Local\Programs\Kiro\bin;C:\Users\Mohamed Hassan\.local\bin;
USERNAME=Mohamed Hassan
OS=Windows_NT
PROCESSOR_IDENTIFIER=AMD64 Family 21 Model 96 Stepping 1, AuthenticAMD
TMP=C:\Users\MOHAME~1\AppData\Local\Temp
TEMP=C:\Users\MOHAME~1\AppData\Local\Temp




Periodic native trim disabled

JNI global refs:
JNI global refs: 0, weak refs: 0

JNI global refs memory usage: 0, weak refs: 0

Process memory usage:
Resident Set Size: 10628K (0% of 11446644K total physical memory with 1101668K free physical memory)

OOME stack traces (most recent first):
Classloader memory used:

---------------  S Y S T E M  ---------------

OS:
 Windows 10 , 64 bit Build 19041 (10.0.19041.5915)
OS uptime: 0 days 10:58 hours

CPU: total 4 (initial active 4) (4 cores per cpu, 1 threads per core) family 21 model 96 stepping 1 microcode 0x0, cx8, cmov, fxsr, mmx, 3dnowpref, sse, sse2, sse3, ssse3, sse4a, sse4.1, sse4.2, popcnt, lzcnt, tsc, tscinvbit, avx, avx2, aes, clmul, bmi1, bmi2, fma, vzeroupper, clflush, rdtscp, f16c
Processor Information for the first 4 processors :
  Max Mhz: 1800, Current Mhz: 1800, Mhz Limit: 1800

Memory: 4k page, system-wide physical 11178M (1075M free)
TotalPageFile size 13226M (AvailPageFile size 150M)
current process WorkingSet (physical memory assigned to process): 10M, peak: 10M
current process commit charge ("private bytes"): 51M, peak: 227M

vm_info: OpenJDK 64-Bit Server VM (21.0.9+-14787801-b1163.94) for windows-amd64 JRE (21.0.9+-14787801-b1163.94), built on 2026-01-27T21:15:44Z by "builder" with MS VC++ 16.10 / 16.11 (VS2019)

END.
